[    0.000000] Initializing cgroup subsys cpuset
[    0.000000] Initializing cgroup subsys cpu
[    0.000000] Initializing cgroup subsys cpuacct
[    0.000000] Linux version 4.4.0-210-generic (buildd@lgw01-amd64-009) (gcc version 5.4.0 20160609 (Ubuntu 5.4.0-6ubuntu1~16.04.12) ) #242-Ubuntu SMP Fri Apr 16 09:57:56 UTC 2021 (Ubuntu 4.4.0-210.242-generic 4.4.262)
[    0.000000] Command line: BOOT_IMAGE=/boot/vmlinuz-4.4.0-210-generic root=LABEL=cloudimg-rootfs ro console=tty1 console=ttyS0
[    0.000000] KERNEL supported cpus:
[    0.000000]   Intel GenuineIntel
[    0.000000]   AMD AuthenticAMD
[    0.000000]   Centaur CentaurHauls
[    0.000000] x86/fpu: xstate_offset[2]:  576, xstate_sizes[2]:  256
[    0.000000] x86/fpu: Supporting XSAVE feature 0x01: 'x87 floating point registers'
[    0.000000] x86/fpu: Supporting XSAVE feature 0x02: 'SSE registers'
[    0.000000] x86/fpu: Supporting XSAVE feature 0x04: 'AVX registers'
[    0.000000] x86/fpu: Enabled xstate features 0x7, context size is 832 bytes, using 'standard' format.
[    0.000000] e820: BIOS-provided physical RAM map:
[    0.000000] BIOS-e820: [mem 0x0000000000000000-0x000000000009fbff] usable
[    0.000000] BIOS-e820: [mem 0x000000000009fc00-0x000000000009ffff] reserved
[    0.000000] BIOS-e820: [mem 0x00000000000f0000-0x00000000000fffff] reserved
[    0.000000] BIOS-e820: [mem 0x0000000000100000-0x000000003ffeffff] usable
[    0.000000] BIOS-e820: [mem 0x000000003fff0000-0x000000003fffffff] ACPI data
[    0.000000] BIOS-e820: [mem 0x00000000fec00000-0x00000000fec00fff] reserved
[    0.000000] BIOS-e820: [mem 0x00000000fee00000-0x00000000fee00fff] reserved
[    0.000000] BIOS-e820: [mem 0x00000000fffc0000-0x00000000ffffffff] reserved
[    0.000000] NX (Execute Disable) protection: active
[    0.000000] SMBIOS 2.5 present.
[    0.000000] Hypervisor detected: KVM
[    0.000000] Kernel/User page tables isolation: disabled
[    0.000000] e820: last_pfn = 0x3fff0 max_arch_pfn = 0x400000000
[    0.000000] MTRR: Disabled
[    0.000000] x86/PAT: MTRRs disabled, skipping PAT initialization too.
[    0.000000] CPU MTRRs all blank - virtualized system.
[    0.000000] x86/PAT: Configuration [0-7]: WB  WT  UC- UC  WB  WT  UC- UC  
[    0.000000] found SMP MP-table at [mem 0x0009fff0-0x0009ffff] mapped at [ffff88000009fff0]
[    0.000000] Scanning 1 areas for low memory corruption
[    0.000000] RAMDISK: [mem 0x362dc000-0x37165fff]
[    0.000000] ACPI: Early table checksum verification disabled
[    0.000000] ACPI: RSDP 0x00000000000E0000 000024 (v02 VBOX  )
[    0.000000] ACPI: XSDT 0x000000003FFF0030 00003C (v01 VBOX   VBOXXSDT 00000001 ASL  00000061)
[    0.000000] ACPI: FACP 0x000000003FFF00F0 0000F4 (v04 VBOX   VBOXFACP 00000001 ASL  00000061)
[    0.000000] ACPI: DSDT 0x000000003FFF0470 002325 (v02 VBOX   VBOXBIOS 00000002 INTL 20100528)
[    0.000000] ACPI: FACS 0x000000003FFF0200 000040
[    0.000000] ACPI: FACS 0x000000003FFF0200 000040
[    0.000000] ACPI: APIC 0x000000003FFF0240 00005C (v02 VBOX   VBOXAPIC 00000001 ASL  00000061)
[    0.000000] ACPI: SSDT 0x000000003FFF02A0 0001CC (v01 VBOX   VBOXCPUT 00000002 INTL 20100528)
[    0.000000] No NUMA configuration found
[    0.000000] Faking a node at [mem 0x0000000000000000-0x000000003ffeffff]
[    0.000000] NODE_DATA(0) allocated [mem 0x3ffeb000-0x3ffeffff]
[    0.000000] kvm-clock: Using msrs 4b564d01 and 4b564d00
[    0.000000] kvm-clock: cpu 0, msr 0:3ffe3001, primary cpu clock
[    0.000000] kvm-clock: using sched offset of 3052404458 cycles
[    0.000000] clocksource: kvm-clock: mask: 0xffffffffffffffff max_cycles: 0x1cd42e4dffb, max_idle_ns: 881590591483 ns
[    0.000000] Zone ranges:
[    0.000000]   DMA      [mem 0x0000000000001000-0x0000000000ffffff]
[    0.000000]   DMA32    [mem 0x0000000001000000-0x000000003ffeffff]
[    0.000000]   Normal   empty
[    0.000000]   Device   empty
[    0.000000] Movable zone start for each node
[    0.000000] Early memory node ranges
[    0.000000]   node   0: [mem 0x0000000000001000-0x000000000009efff]
[    0.000000]   node   0: [mem 0x0000000000100000-0x000000003ffeffff]
[    0.000000] Initmem setup node 0 [mem 0x0000000000001000-0x000000003ffeffff]
[    0.000000] ACPI: PM-Timer IO Port: 0x4008
[    0.000000] IOAPIC[0]: apic_id 2, version 32, address 0xfec00000, GSI 0-23
[    0.000000] ACPI: INT_SRC_OVR (bus 0 bus_irq 0 global_irq 2 dfl dfl)
[    0.000000] ACPI: INT_SRC_OVR (bus 0 bus_irq 9 global_irq 9 low level)
[    0.000000] Using ACPI (MADT) for SMP configuration information
[    0.000000] smpboot: Allowing 2 CPUs, 0 hotplug CPUs
[    0.000000] PM: Registered nosave memory: [mem 0x00000000-0x00000fff]
[    0.000000] PM: Registered nosave memory: [mem 0x0009f000-0x0009ffff]
[    0.000000] PM: Registered nosave memory: [mem 0x000a0000-0x000effff]
[    0.000000] PM: Registered nosave memory: [mem 0x000f0000-0x000fffff]
[    0.000000] e820: [mem 0x40000000-0xfebfffff] available for PCI devices
[    0.000000] Booting paravirtualized kernel on KVM
[    0.000000] clocksource: refined-jiffies: mask: 0xffffffff max_cycles: 0xffffffff, max_idle_ns: 7645519600211568 ns
[    0.000000] setup_percpu: NR_CPUS:512 nr_cpumask_bits:512 nr_cpu_ids:2 nr_node_ids:1
[    0.000000] PERCPU: Embedded 33 pages/cpu @ffff88003fc00000 s95192 r8192 d31784 u1048576
[    0.000000] Built 1 zonelists in Node order, mobility grouping on.  Total pages: 257912
[    0.000000] Policy zone: DMA32
[    0.000000] Kernel command line: BOOT_IMAGE=/boot/vmlinuz-4.4.0-210-generic root=LABEL=cloudimg-rootfs ro console=tty1 console=ttyS0
[    0.000000] PID hash table entries: 4096 (order: 3, 32768 bytes)
[    0.000000] Memory: 997792K/1048120K available (8644K kernel code, 1332K rwdata, 4044K rodata, 1492K init, 1164K bss, 50328K reserved, 0K cma-reserved)
[    0.000000] SLUB: HWalign=64, Order=0-3, MinObjects=0, CPUs=2, Nodes=1
[    0.000000] Hierarchical RCU implementation.
[    0.000000] 	Build-time adjustment of leaf fanout to 64.
[    0.000000] 	RCU restricting CPUs from NR_CPUS=512 to nr_cpu_ids=2.
[    0.000000] RCU: Adjusting geometry for rcu_fanout_leaf=64, nr_cpu_ids=2
[    0.000000] NR_IRQS:33024 nr_irqs:440 16
[    0.000000] Console: colour VGA+ 80x25
[    0.000000] console [tty1] enabled
[    0.000000] console [ttyS0] enabled
[    0.000000] tsc: Detected 2304.000 MHz processor
[    0.097673] Calibrating delay loop (skipped) preset value.. 4608.00 BogoMIPS (lpj=9216000)
[    0.098810] pid_max: default: 32768 minimum: 301
[    0.099457] ACPI: Core revision 20150930
[    0.100562] ACPI: 2 ACPI AML tables successfully acquired and loaded
[    0.101478] Security Framework initialized
[    0.102022] Yama: becoming mindful.
[    0.102637] AppArmor: AppArmor initialized
[    0.103242] Dentry cache hash table entries: 131072 (order: 8, 1048576 bytes)
[    0.104238] Inode-cache hash table entries: 65536 (order: 7, 524288 bytes)
[    0.107719] Mount-cache hash table entries: 2048 (order: 2, 16384 bytes)
[    0.108591] Mountpoint-cache hash table entries: 2048 (order: 2, 16384 bytes)
[    0.109543] Initializing cgroup subsys io
[    0.110124] Initializing cgroup subsys memory
[    0.110682] Initializing cgroup subsys devices
[    0.111249] Initializing cgroup subsys freezer
[    0.111812] Initializing cgroup subsys net_cls
[    0.112402] Initializing cgroup subsys perf_event
[    0.113045] Initializing cgroup subsys net_prio
[    0.113650] Initializing cgroup subsys hugetlb
[    0.114319] Initializing cgroup subsys pids
[    0.119447] mce: CPU supports 0 MCE banks
[    0.120026] Last level iTLB entries: 4KB 0, 2MB 0, 4MB 0
[    0.120748] Last level dTLB entries: 4KB 0, 2MB 0, 4MB 0, 1GB 0
[    0.121810] Spectre V1 : Mitigation: usercopy/swapgs barriers and __user pointer sanitization
[    0.122916] Spectre V2 : Mitigation: Full generic retpoline
[    0.123628] Spectre V2 : Spectre v2 / SpectreRSB mitigation: Filling RSB on context switch
[    0.124753] Speculative Store Bypass: Vulnerable
[    0.127439] Freeing SMP alternatives memory: 36K
[    0.132817] ftrace: allocating 32380 entries in 127 pages
[    0.184507] smpboot: APIC(0) Converting physical 0 to logical package 0
[    0.185461] smpboot: Max logical packages: 1
[    0.186247] x2apic enabled
[    0.187033] Switched APIC routing to physical x2apic.
[    0.188741] ..TIMER: vector=0x30 apic1=0 pin1=2 apic2=-1 pin2=-1
[    0.297610] smpboot: CPU0: 11th Gen Intel(R) Core(TM) i7-11800H @ 2.30GHz (family: 0x6, model: 0x8d, stepping: 0x1)
[    0.299035] Performance Events: unsupported p6 CPU model 141 no PMU driver, software events only.
[    0.307566] KVM setup paravirtual spinlock
[    0.308868] x86: Booting SMP configuration:
[    0.309445] .... node  #0, CPUs:      #1
[    0.310611] kvm-clock: cpu 1, msr 0:3ffe3041, secondary cpu clock
[    0.315829] mce: CPU supports 0 MCE banks
[    0.318213] x86: Booted up 1 node, 2 CPUs
[    0.318886] smpboot: Total of 2 processors activated (9216.00 BogoMIPS)
[    0.320062] devtmpfs: initialized
[    0.321592] evm: security.selinux
[    0.322152] evm: security.SMACK64
[    0.322673] evm: security.SMACK64EXEC
[    0.323191] evm: security.SMACK64TRANSMUTE
[    0.323727] evm: security.SMACK64MMAP
[    0.324364] evm: security.ima
[    0.324811] evm: security.capability
[    0.325453] clocksource: jiffies: mask: 0xffffffff max_cycles: 0xffffffff, max_idle_ns: 7645041785100000 ns
[    0.326669] futex hash table entries: 512 (order: 3, 32768 bytes)
[    0.327565] pinctrl core: initialized pinctrl subsystem
[    0.328327] RTC time: 16:54:00, date: 06/28/22
[    0.331583] NET: Registered protocol family 16
[    0.343524] cpuidle: using governor ladder
[    0.354798] cpuidle: using governor menu
[    0.355514] PCCT header not found.
[    0.356099] ACPI: bus type PCI registered
[    0.356635] acpiphp: ACPI Hot Plug PCI Controller Driver version: 0.5
[    0.357668] PCI: Using configuration type 1 for base access
[    0.371963] ACPI: Added _OSI(Module Device)
[    0.372568] ACPI: Added _OSI(Processor Device)
[    0.373165] ACPI: Added _OSI(3.0 _SCP Extensions)
[    0.373764] ACPI: Added _OSI(Processor Aggregator Device)
[    0.374897] ACPI: Executed 1 blocks of module-level executable AML code
[    0.377249] ACPI: Interpreter enabled
[    0.377764] ACPI: (supports S0 S5)
[    0.378263] ACPI: Using IOAPIC for interrupt routing
[    0.378993] PCI: Using host bridge windows from ACPI; if necessary, use "pci=nocrs" and report a bug
[    0.382573] ACPI: PCI Root Bridge [PCI0] (domain 0000 [bus 00-ff])
[    0.383356] acpi PNP0A03:00: _OSC: OS supports [ASPM ClockPM Segments MSI]
[    0.384387] acpi PNP0A03:00: _OSC: not requesting OS control; OS requires [ExtendedConfig ASPM ClockPM MSI]
[    0.385594] acpi PNP0A03:00: fail to add MMCONFIG information, can't access extended PCI configuration space under this bridge.
[    0.387287] PCI host bridge to bus 0000:00
[    0.388245] pci_bus 0000:00: root bus resource [io  0x0000-0x0cf7 window]
[    0.389421] pci_bus 0000:00: root bus resource [io  0x0d00-0xffff window]
[    0.390245] pci_bus 0000:00: root bus resource [mem 0x000a0000-0x000bffff window]
[    0.391311] pci_bus 0000:00: root bus resource [mem 0x40000000-0xfdffffff window]
[    0.392336] pci_bus 0000:00: root bus resource [bus 00-ff]
[    0.394226] pci 0000:00:01.1: legacy IDE quirk: reg 0x10: [io  0x01f0-0x01f7]
[    0.395102] pci 0000:00:01.1: legacy IDE quirk: reg 0x14: [io  0x03f6]
[    0.395898] pci 0000:00:01.1: legacy IDE quirk: reg 0x18: [io  0x0170-0x0177]
[    0.396780] pci 0000:00:01.1: legacy IDE quirk: reg 0x1c: [io  0x0376]
[    0.405299] pci 0000:00:07.0: quirk: [io  0x4000-0x403f] claimed by PIIX4 ACPI
[    0.412911] pci 0000:00:07.0: quirk: [io  0x4100-0x410f] claimed by PIIX4 SMB
[    0.418220] ACPI: PCI Interrupt Link [LNKA] (IRQs 5 9 10 *11)
[    0.419363] ACPI: PCI Interrupt Link [LNKB] (IRQs 5 9 *10 11)
[    0.420437] ACPI: PCI Interrupt Link [LNKC] (IRQs 5 *9 10 11)
[    0.421960] ACPI: PCI Interrupt Link [LNKD] (IRQs 5 9 10 *11)
[    0.423037] ACPI: Enabled 2 GPEs in block 00 to 07
[    0.423956] vgaarb: setting as boot device: PCI:0000:00:02.0
[    0.424683] vgaarb: device added: PCI:0000:00:02.0,decodes=io+mem,owns=io+mem,locks=none
[    0.425927] vgaarb: loaded
[    0.426373] vgaarb: bridge control possible 0000:00:02.0
[    0.427224] SCSI subsystem initialized
[    0.427852] ACPI: bus type USB registered
[    0.428611] usbcore: registered new interface driver usbfs
[    0.429352] usbcore: registered new interface driver hub
[    0.430015] usbcore: registered new device driver usb
[    0.430904] PCI: Using ACPI for IRQ routing
[    0.431846] NetLabel: Initializing
[    0.432455] NetLabel:  domain hash size = 128
[    0.433059] NetLabel:  protocols = UNLABELED CIPSOv4
[    0.433747] NetLabel:  unlabeled traffic allowed by default
[    0.434552] amd_nb: Cannot enumerate AMD northbridges
[    0.435250] clocksource: Switched to clocksource kvm-clock
[    0.445320] AppArmor: AppArmor Filesystem Enabled
[    0.446038] pnp: PnP ACPI init
[    0.447044] pnp: PnP ACPI: found 3 devices
[    0.454777] clocksource: acpi_pm: mask: 0xffffff max_cycles: 0xffffff, max_idle_ns: 2085701024 ns
[    0.456083] NET: Registered protocol family 2
[    0.456803] TCP established hash table entries: 8192 (order: 4, 65536 bytes)
[    0.457692] TCP bind hash table entries: 8192 (order: 5, 131072 bytes)
[    0.458495] TCP: Hash tables configured (established 8192 bind 8192)
[    0.459271] UDP hash table entries: 512 (order: 2, 16384 bytes)
[    0.460128] UDP-Lite hash table entries: 512 (order: 2, 16384 bytes)
[    0.461042] NET: Registered protocol family 1
[    0.461649] pci 0000:00:00.0: Limiting direct PCI/PCI transfers
[    0.462385] pci 0000:00:01.0: Activating ISA DMA hang workarounds
[    0.465894] Unpacking initramfs...
[    0.654657] Freeing initrd memory: 14888K
[    0.656514] clocksource: tsc: mask: 0xffffffffffffffff max_cycles: 0x2135f7c97c8, max_idle_ns: 440795273205 ns
[    0.658941] platform rtc_cmos: registered platform RTC device (no PNP device found)
[    0.660564] Scanning for low memory corruption every 60 seconds
[    0.662059] audit: initializing netlink subsys (disabled)
[    0.663062] audit: type=2000 audit(1656435245.176:1): initialized
[    0.664347] Initialise system trusted keyring
[    0.665353] HugeTLB registered 2 MB page size, pre-allocated 0 pages
[    0.667774] zbud: loaded
[    0.668738] VFS: Disk quotas dquot_6.6.0
[    0.669504] VFS: Dquot-cache hash table entries: 512 (order 0, 4096 bytes)
[    0.671034] squashfs: version 4.0 (2009/01/31) Phillip Lougher
[    0.675685] fuse init (API version 7.23)
[    0.677039] Key type big_key registered
[    0.677793] Allocating IMA MOK and blacklist keyrings.
[    0.679813] Key type asymmetric registered
[    0.680976] Asymmetric key parser 'x509' registered
[    0.681719] Block layer SCSI generic (bsg) driver version 0.4 loaded (major 249)
[    0.682832] io scheduler noop registered
[    0.683413] io scheduler deadline registered (default)
[    0.684197] io scheduler cfq registered
[    0.684947] pci_hotplug: PCI Hot Plug PCI Core version: 0.5
[    0.685762] pciehp: PCI Express Hot Plug Controller Driver version: 0.4
[    0.686734] ACPI: AC Adapter [AC] (on-line)
[    0.687452] input: Power Button as /devices/LNXSYSTM:00/LNXPWRBN:00/input/input0
[    0.688791] ACPI: Power Button [PWRF]
[    0.689438] input: Sleep Button as /devices/LNXSYSTM:00/LNXSLPBN:00/input/input1
[    0.690491] ACPI: Sleep Button [SLPF]
[    0.691229] GHES: HEST is not enabled!
[    0.691711] ACPI: Battery Slot [BAT0] (battery present)
[    0.692871] Serial: 8250/16550 driver, 32 ports, IRQ sharing enabled
[    0.714750] 00:02: ttyS0 at I/O 0x3f8 (irq = 4, base_baud = 115200) is a 16550A
[    0.718571] Linux agpgart interface v0.103
[    0.720801] loop: module loaded
[    0.722019] scsi host0: ata_piix
[    0.722794] scsi host1: ata_piix
[    0.723523] ata1: PATA max UDMA/33 cmd 0x1f0 ctl 0x3f6 bmdma 0xd000 irq 14
[    0.724649] ata2: PATA max UDMA/33 cmd 0x170 ctl 0x376 bmdma 0xd008 irq 15
[    0.726056] libphy: Fixed MDIO Bus: probed
[    0.726827] tun: Universal TUN/TAP device driver, 1.6
[    0.727786] tun: (C) 1999-2004 Max Krasnyansky <maxk@qualcomm.com>
[    0.729009] PPP generic driver version 2.4.2
[    0.729921] ehci_hcd: USB 2.0 'Enhanced' Host Controller (EHCI) Driver
[    0.730978] ehci-pci: EHCI PCI platform driver
[    0.731817] ehci-platform: EHCI generic platform driver
[    0.732575] ohci_hcd: USB 1.1 'Open' Host Controller (OHCI) Driver
[    0.733495] ohci-pci: OHCI PCI platform driver
[    0.734520] ohci-platform: OHCI generic platform driver
[    0.735578] uhci_hcd: USB Universal Host Controller Interface driver
[    0.736742] i8042: PNP: PS/2 Controller [PNP0303:PS2K,PNP0f03:PS2M] at 0x60,0x64 irq 1,12
[    0.738790] serio: i8042 KBD port at 0x60,0x64 irq 1
[    0.739740] serio: i8042 AUX port at 0x60,0x64 irq 12
[    0.740940] mousedev: PS/2 mouse device common for all mice
[    0.742172] input: AT Translated Set 2 keyboard as /devices/platform/i8042/serio0/input/input2
[    0.743706] rtc_cmos rtc_cmos: rtc core: registered rtc_cmos as rtc0
[    0.744607] rtc_cmos rtc_cmos: alarms up to one day, 114 bytes nvram
[    0.745432] i2c /dev entries driver
[    0.745990] device-mapper: uevent: version 1.0.3
[    0.746745] device-mapper: ioctl: 4.34.0-ioctl (2015-10-28) initialised: dm-devel@redhat.com
[    0.748180] ledtrig-cpu: registered to indicate activity on CPUs
[    0.749249] NET: Registered protocol family 10
[    0.750053] NET: Registered protocol family 17
[    0.750727] Key type dns_resolver registered
[    0.751985] registered taskstats version 1
[    0.752793] Loading compiled-in X.509 certificates
[    0.754170] Loaded X.509 cert 'Build time autogenerated kernel key: cf00e047681d67edb2720680708b7d9498083038'
[    0.758090] zswap: loaded using pool lzo/zbud
[    0.760359] Key type trusted registered
[    0.762984] Key type encrypted registered
[    0.763798] AppArmor: AppArmor sha1 policy hashing enabled
[    0.764510] ima: No TPM chip found, activating TPM-bypass!
[    0.765296] ima: Allocated hash algorithm: sha1
[    0.765993] evm: HMAC attrs: 0x1
[    0.766774]   Magic number: 10:692:945
[    0.767352] tty tty2: hash matches
[    0.767893] processor cpu0: hash matches
[    0.768476] rtc_cmos rtc_cmos: setting system clock to 2022-06-28 16:54:00 UTC (1656435240)
[    0.769757] BIOS EDD facility v0.16 2004-Jun-25, 0 devices found
[    0.770546] EDD information not available.
[    0.902904] Freeing unused kernel memory: 1492K
[    0.903723] Write protecting the kernel read-only data: 14336k
[    0.905142] Freeing unused kernel memory: 1584K
[    0.905926] Freeing unused kernel memory: 52K
Loading, please wait...
starting version 229
[    0.915417] random: systemd-udevd: uninitialized urandom read (16 bytes read, 3 bits of entropy available)
[    0.915751] random: udevadm: uninitialized urandom read (16 bytes read, 3 bits of entropy available)
[    0.915781] random: udevadm: uninitialized urandom read (16 bytes read, 3 bits of entropy available)
[    0.919353] random: systemd-udevd: uninitialized urandom read (16 bytes read, 3 bits of entropy available)
[    0.920732] random: systemd-udevd: uninitialized urandom read (16 bytes read, 3 bits of entropy available)
[    0.921029] random: udevadm: uninitialized urandom read (16 bytes read, 3 bits of entropy available)
[    0.921061] random: udevadm: uninitialized urandom read (16 bytes read, 3 bits of entropy available)
[    0.921163] random: udevadm: uninitialized urandom read (16 bytes read, 3 bits of entropy available)
[    0.921195] random: udevadm: uninitialized urandom read (16 bytes read, 3 bits of entropy available)
[    0.921236] random: udevadm: uninitialized urandom read (16 bytes read, 3 bits of entropy available)
[    0.948736] e1000: Intel(R) PRO/1000 Network Driver - version 7.3.21-k8-NAPI
[    0.949673] e1000: Copyright (c) 1999-2006 Intel Corporation.
[    0.952330] Fusion MPT base driver 3.04.20
[    0.952934] Copyright (c) 1999-2008 LSI Corporation
[    0.957745] Fusion MPT SPI Host driver 3.04.20
[    0.962744] AVX2 version of gcm_enc/dec engaged.
[    0.963930] AES CTR mode by8 optimization enabled
[    1.179904] input: ImExPS/2 Generic Explorer Mouse as /devices/platform/i8042/serio1/input/input4
[    1.667677] e1000 0000:00:03.0 eth0: (PCI:33MHz:32-bit) 02:be:82:6b:cc:1d
[    1.668749] e1000 0000:00:03.0 eth0: Intel(R) PRO/1000 Network Connection
[    2.678762] e1000 0000:00:08.0 eth1: (PCI:33MHz:32-bit) 08:00:27:8b:78:eb
[    2.679717] e1000 0000:00:08.0 eth1: Intel(R) PRO/1000 Network Connection
[    2.681240] mptbase: ioc0: Initiating bringup
[    2.681305] e1000 0000:00:08.0 enp0s8: renamed from eth1
[    2.695499] e1000 0000:00:03.0 enp0s3: renamed from eth0
[    2.967469] ioc0: LSI53C1030 A0: Capabilities={Initiator}
[    4.942697] scsi host2: ioc0: LSI53C1030 A0, FwRev=00000000h, Ports=1, MaxQ=256, IRQ=20
[    6.259643] scsi 2:0:0:0: Direct-Access     VBOX     HARDDISK         1.0  PQ: 0 ANSI: 5
[    6.260874] scsi target2:0:0: Beginning Domain Validation
[    6.262238] scsi target2:0:0: Domain Validation skipping write tests
[    6.262998] scsi target2:0:0: Ending Domain Validation
[    6.263758] scsi target2:0:0: asynchronous
[    6.264547] scsi 2:0:1:0: Direct-Access     VBOX     HARDDISK         1.0  PQ: 0 ANSI: 5
[    6.272408] scsi target2:0:1: Beginning Domain Validation
[    6.273716] scsi target2:0:1: Domain Validation skipping write tests
[    6.274569] scsi target2:0:1: Ending Domain Validation
[    6.275416] scsi target2:0:1: asynchronous
[    6.279339] sd 2:0:0:0: Attached scsi generic sg0 type 0
[    6.280115] sd 2:0:0:0: [sda] 83886080 512-byte logical blocks: (42.9 GB/40.0 GiB)
[    6.281499] sd 2:0:1:0: Attached scsi generic sg1 type 0
[    6.282257] sd 2:0:1:0: [sdb] 20480 512-byte logical blocks: (10.5 MB/10.0 MiB)
[    6.283412] sd 2:0:0:0: [sda] Write Protect is off
[    6.284524] sd 2:0:1:0: [sdb] Write Protect is off
[    6.285535] sd 2:0:0:0: [sda] Incomplete mode parameter data
[    6.286644] sd 2:0:0:0: [sda] Assuming drive cache: write through
[    6.287599] sd 2:0:1:0: [sdb] Incomplete mode parameter data
[    6.288324] sd 2:0:1:0: [sdb] Assuming drive cache: write through
[    6.296081]  sda: sda1
[    6.297113] sd 2:0:0:0: [sda] Attached SCSI disk
[    6.297858] sd 2:0:1:0: [sdb] Attached SCSI disk
Begin: Loading essential drivers ... [    7.515422] md: linear personality registered for level -1
[    7.518360] md: multipath personality registered for level -4
[    7.521140] md: raid0 personality registered for level 0
[    7.524123] md: raid1 personality registered for level 1
[    7.591312] raid6: sse2x1   gen() 15991 MB/s
[    7.659324] raid6: sse2x1   xor() 11731 MB/s
[    7.727326] raid6: sse2x2   gen() 21571 MB/s
[    7.795308] raid6: sse2x2   xor() 15062 MB/s
[    7.863309] raid6: sse2x4   gen() 23742 MB/s
[    7.931317] raid6: sse2x4   xor() 15014 MB/s
[    7.999316] raid6: avx2x1   gen() 32680 MB/s
[    8.067280] raid6: avx2x2   gen() 40329 MB/s
[    8.135340] raid6: avx2x4   gen() 40515 MB/s
[    8.135926] raid6: using algorithm avx2x4 gen() 40515 MB/s
[    8.136746] raid6: using avx2x2 recovery algorithm
[    8.138133] xor: automatically using best checksumming function:
[    8.175322]    avx       : 31632.000 MB/sec
[    8.177082] async_tx: api initialized (async)
[    8.188123] md: raid6 personality registered for level 6
[    8.188867] md: raid5 personality registered for level 5
[    8.189551] md: raid4 personality registered for level 4
[    8.193757] md: raid10 personality registered for level 10
done.
Begin: Running /scripts/init-premount ... done.
Begin: Mounting root file system ... Begin: Running /scripts/local-top ... done.
Begin: Running /scripts/local-premount ... [    8.212693] Btrfs loaded
Scanning for Btrfs filesystems
done.
Warning: fsck not present, so skipping root file system
[    8.228135] EXT4-fs (sda1): mounted filesystem with ordered data mode. Opts: (null)
done.
Begin: Running /scripts/local-bottom ... done.
Begin: Running /scripts/init-bottom ... done.
[    8.276809] systemd[1]: systemd 229 running in system mode. (+PAM +AUDIT +SELINUX +IMA +APPARMOR +SMACK +SYSVINIT +UTMP +LIBCRYPTSETUP +GCRYPT +GNUTLS +ACL +XZ -LZ4 +SECCOMP +BLKID +ELFUTILS +KMOD -IDN)
[    8.279543] systemd[1]: Detected virtualization oracle.
[    8.285127] systemd[1]: Detected architecture x86-64.

Welcome to [1mUbuntu 16.04.7 LTS[0m!

[    8.287236] systemd[1]: Set hostname to <ubuntu>.
[    8.288876] systemd[1]: Initializing machine ID from random generator.
[    8.289740] systemd[1]: Installed transient /etc/machine-id file.
[    8.401949] systemd[1]: Created slice System Slice.
[[0;32m  OK  [0m] Created slice System Slice.
[    8.403319] systemd[1]: Reached target System Time Synchronized.
[[0;32m  OK  [0m] Reached target System Time Synchronized.
[    8.405003] systemd[1]: Created slice system-serial\x2dgetty.slice.
[[0;32m  OK  [0m] Created slice system-serial\x2dgetty.slice.
[    8.407353] systemd[1]: Started Trigger resolvconf update for networkd DNS.
[[0;32m  OK  [0m] Started Trigger resolvconf update for networkd DNS.
[    8.408846] systemd[1]: Set up automount Arbitrary Executable File Formats File System Automount Point.
[[0;32m  OK  [0m] Set up automount Arbitrary Executab...ats File System Automount Point.
[    8.410940] systemd[1]: Listening on Journal Socket.
[[0;32m  OK  [0m] Listening on Journal Socket.
[    8.424244] systemd[1]: Mounting Huge Pages File System...
         Mounting Huge Pages File System...
[    8.425638] systemd[1]: Listening on LVM2 poll daemon socket.
[[0;32m  OK  [0m] Listening on LVM2 poll daemon socket.
[    8.427444] systemd[1]: Listening on LVM2 metadata daemon socket.
[[0;32m  OK  [0m] Listening on LVM2 metadata daemon socket.
[    8.428856] systemd[1]: Created slice User and Session Slice.
[[0;32m  OK  [0m] Created slice User and Session Slice.
[    8.430480] systemd[1]: Starting Create list of required static device nodes for the current kernel...
         Starting Create list of required st... nodes for the current kernel...
[    8.434737] systemd[1]: Mounting POSIX Message Queue File System...
         Mounting POSIX Message Queue File System...
[    8.443500] systemd[1]: Listening on Device-mapper event daemon FIFOs.
[[0;32m  OK  [0m] Listening on Device-mapper event daemon FIFOs.
[    8.453074] systemd[1]: Starting Monitoring of LVM2 mirrors, snapshots etc. using dmeventd or progress polling...
         Starting Monitoring of LVM2 mirrors... dmeventd or progress polling...
[    8.455652] systemd[1]: Reached target Swap.
[[0;32m  OK  [0m] Reached target Swap.
[    8.457453] systemd[1]: Listening on Journal Audit Socket.
[[0;32m  OK  [0m] Listening on Journal Audit Socket.
[    8.459208] systemd[1]: Listening on Syslog Socket.
[[0;32m  OK  [0m] Listening on Syslog Socket.
[    8.463163] systemd[1]: Reached target Slices.
[[0;32m  OK  [0m] Reached target Slices.
[    8.464805] systemd[1]: Mounting Debug File System...
         Mounting Debug File System...
[    8.466632] systemd[1]: Listening on Journal Socket (/dev/log).
[[0;32m  OK  [0m] Listening on Journal Socket (/dev/log).
[    8.468257] systemd[1]: Listening on /dev/initctl Compatibility Named Pipe.
[[0;32m  OK  [0m] Listening on /dev/initctl Compatibility Named Pipe.
[    8.470498] systemd[1]: Starting Journal Service...
         Starting Journal Service...
[    8.474787] systemd[1]: Starting Set console keymap...
         Starting Set console keymap...
[    8.476339] systemd[1]: Reached target Encrypted Volumes.
[[0;32m  OK  [0m] Reached target Encrypted Volumes.
[    8.479551] systemd[1]: Starting Load Kernel Modules...
         Starting Load Kernel Modules...
[    8.481185] systemd[1]: Starting Nameserver information manager...
         Starting Nameserver information manager...
[    8.483094] systemd[1]: Started Forward Password Requests to Wall Directory Watch.
[[0;32m  OK  [0m] Started Forward Password Requests to Wall Directory Watch.
[    8.485464] systemd[1]: Listening on udev Control Socket.
[[0;32m  OK  [0m] Listening on udev Control Socket.
[    8.487093] systemd[1]: Listening on fsck to fsckd communication Socket.
[    8.488231] Loading iSCSI transport class v2.0-870.
[[0;32m  OK  [0m] Listening on fsck to fsckd communication Socket.
[    8.489991] systemd[1]: Starting File System Check on Root Device...
         Starting File System Check on Root Device...
[    8.491897] systemd[1]: Listening on udev Kernel Socket.
[[0;32m  OK  [0m] Listening on udev Kernel Socket.
[    8.493650] systemd[1]: Reached target User and Group Name Lookups.
[[0;32m  OK  [0m] Reached target User and Group Name Lookups.
[    8.496228] systemd[1]: Starting Uncomplicated firewall...
         Starting Uncomplicated firewall...
[    8.500310] systemd[1]: Mounted Huge Pages File System.
[    8.501297] iscsi: registered transport (tcp)
[[0;32m  OK  [0m] Mounted Huge Pages File System.
[    8.502453] systemd[1]: Mounted POSIX Message Queue File System.
[[0;32m  OK  [0m] Mounted POSIX Message Queue File System.
[    8.504818] systemd[1]: Mounted Debug File System.
[[0;32m  OK  [0m] Mounted Debug File System.
[    8.510054] systemd[1]: Started Create list of required static device nodes for the current kernel.
[[0;32m  OK  [0m] Started Create list of required sta...ce nodes for the current kernel.
[    8.513629] systemd[1]: Started Uncomplicated firewall.
[[0;32m  OK  [0m] Started Uncomplicated firewall.
[    8.515356] systemd[1]: Started Nameserver information manager.
[[0;32m  OK  [0m] Started Nameserver information manager.
[    8.518518] systemd[1]: Started Journal Service.
[[0;32m  OK  [0m] Started Journal Service.
[[0;32m  OK  [0m] Started File System Check Daemon to report status.
[[0;32m  OK  [0m] Started LVM2 metadata daemon.
         Starting Create Static Device Nodes in /dev...
[[0;32m  OK  [0m] Started File System Check on Root Device.
         Starting Remount Root and Kernel File Systems...
[    8.536196] EXT4-fs (sda1): re-mounted. Opts: (null)
[[0;32m  OK  [0m] Started Create Static Device Nodes in /dev.
         Starting udev Kernel Device Manager...
[[0;32m  OK  [0m] Started Remount Root and Kernel File Systems.
         Starting udev Coldplug all Devices...
         Starting Flush Journal to Persistent Storage...
         Starting Load/Save Random Seed...
[    8.552226] systemd-journald[377]: Received request to flush runtime journal from PID 1
[[0;32m  OK  [0m] Started Load/Save Random Seed.
[[0;32m  OK  [0m] Started Flush Journal to Persistent Storage.
[[0;32m  OK  [0m] Started udev [    8.564981] iscsi: registered transport (iser)
Kernel Device Manager.
[[0;32m  OK  [0m] Started Set console keymap.
[[0;32m  OK  [0m] Started Load Kernel Modules.
         Starting Apply Kernel Variables...
         Mounting FUSE Control File System...
[[0;32m  OK  [0m] Mounted FUSE Control File System.
[[0;32m  OK  [0m] Started Apply Kernel Variables.
[[0;32m  OK  [0m] Started udev Coldplug all Devices.
[[0;32m  OK  [0m] Started Dispatch Password Requests to Console Directory Watch.
[[0;32m  OK  [0m] Found device /dev/ttyS0.
[[0;32m  OK  [0m] Listening on Load/Save RF Kill Switch Status /dev/rfkill Watch.
[[0;32m  OK  [0m] Started Monitoring of LVM2 mirrors,...ng dmeventd or progress polling.
[[0;32m  OK  [0m] Reached target Local File Systems (Pre).
[[0;32m  OK  [0m] Reached target Local File Systems.
         Starting Create Volatile Files and Directories...
         Starting Initial cloud-init job (pre-networking)...
         Starting Set console font and keymap...
         Starting LSB: AppArmor initialization...
         Starting Tell Plymouth To Write Out Runtime Data...
         Starting Commit a transient machine-id on disk...
[[0;32m  OK  [0m] Started Create Volatile Files and Directories.
[[0;32m  OK  [0m] Started Tell Plymouth To Write Out Runtime Data.
         Starting Update UTMP about System Boot/Shutdown...
[[0;32m  OK  [0m] Started Commit a transient machine-id on disk.
[[0;32m  OK  [0m] Started Update UTMP about System Boot/Shutdown.
[[0;32m  OK  [0m] Started Set console font and keymap.
[[0;32m  OK  [0m] Created slice system-getty.slice.
[[0;32m  OK  [0m] Started LSB: AppArmor initialization.
         Starting Load AppArmor profiles managed internally by snapd...
[[0;32m  OK  [0m] Started Load AppArmor profiles managed internally by snapd.
[    9.627527] cloud-init[608]: Cloud-init v. 21.1-19-gbad84ad4-0ubuntu1~16.04.2 running 'init-local' at Tue, 28 Jun 2022 16:54:09 +0000. Up 9.42 seconds.
[[0;32m  OK  [0m] Started Initial cloud-init job (pre-networking).
[[0;32m  OK  [0m] Reached target Network (Pre).
         Starting Raise network interfaces...
[[0;32m  OK  [0m] Started Raise network interfaces.
[[0;32m  OK  [0m] Reached target Network.
         Starting Initial cloud-init job (metadata service crawler)...
[   10.300392] cloud-init[952]: Cloud-init v. 21.1-19-gbad84ad4-0ubuntu1~16.04.2 running 'init' at Tue, 28 Jun 2022 16:54:09 +0000. Up 9.93 seconds.
[   10.301565] cloud-init[952]: ci-info: ++++++++++++++++++++++++++++++++++++++Net device info+++++++++++++++++++++++++++++++++++++++
[   10.302654] cloud-init[952]: ci-info: +--------+-------+----------------------------+---------------+--------+-------------------+
[   10.303679] cloud-init[952]: ci-info: | Device |   Up  |          Address           |      Mask     | Scope  |     Hw-Address    |
[   10.304696] cloud-init[952]: ci-info: +--------+-------+----------------------------+---------------+--------+-------------------+
[   10.305964] cloud-init[952]: ci-info: | enp0s3 |  True |         10.0.2.15          | 255.255.255.0 | global | 02:be:82:6b:cc:1d |
[   10.307084] cloud-init[952]: ci-info: | enp0s3 |  True | fe80::be:82ff:fe6b:cc1d/64 |       .       |  link  | 02:be:82:6b:cc:1d |
[   10.308108] cloud-init[952]: ci-info: | enp0s8 | False |             .              |       .       |   .    | 08:00:27:8b:78:eb |
[   10.309134] cloud-init[952]: ci-info: |   lo   |  True |         127.0.0.1          |   255.0.0.0   |  host  |         .         |
[   10.310190] cloud-init[952]: ci-info: |   lo   |  True |          ::1/128           |       .       |  host  |         .         |
[   10.311200] cloud-init[952]: ci-info: +--------+-------+----------------------------+---------------+--------+-------------------+
[   10.312207] cloud-init[952]: ci-info: +++++++++++++++++++++++++++Route IPv4 info++++++++++++++++++++++++++++
[   10.313125] cloud-init[952]: ci-info: +-------+-------------+----------+---------------+-----------+-------+
[   10.314021] cloud-init[952]: ci-info: | Route | Destination | Gateway  |    Genmask    | Interface | Flags |
[   10.314895] cloud-init[952]: ci-info: +-------+-------------+----------+---------------+-----------+-------+
[   10.315720] cloud-init[952]: ci-info: |   0   |   0.0.0.0   | 10.0.2.2 |    0.0.0.0    |   enp0s3  |   UG  |
[   10.316587] cloud-init[952]: ci-info: |   1   |   10.0.2.0  | 0.0.0.0  | 255.255.255.0 |   enp0s3  |   U   |
[   10.317491] cloud-init[952]: ci-info: +-------+-------------+----------+---------------+-----------+-------+
[   10.318402] cloud-init[952]: ci-info: +++++++++++++++++++Route IPv6 info+++++++++++++++++++
[   10.319209] cloud-init[952]: ci-info: +-------+-------------+---------+-----------+-------+
[   10.320052] cloud-init[952]: ci-info: | Route | Destination | Gateway | Interface | Flags |
[   10.320809] cloud-init[952]: ci-info: +-------+-------------+---------+-----------+-------+
[   10.321614] cloud-init[952]: ci-info: |   0   |  fe80::/64  |    ::   |   enp0s3  |   U   |
[   10.322436] cloud-init[952]: ci-info: |   3   |   ff00::/8  |    ::   |   enp0s3  |   U   |
[   10.323240] cloud-init[952]: ci-info: +-------+-------------+---------+-----------+-------+
[   10.324074] cloud-init[952]: Generating public/private rsa key pair.
[   10.324697] cloud-init[952]: Your identification has been saved in /etc/ssh/ssh_host_rsa_key.
[   10.328240] cloud-init[952]: Your public key has been saved in /etc/ssh/ssh_host_rsa_key.pub.
[   10.328989] cloud-init[952]: The key fingerprint is:
[   10.336349] cloud-init[952]: SHA256:9Gk4bqkE69BMx6x4TB8HvOOnBfe3DgNRq0QWo99IzDg root@ubuntu-xenial
[   10.337354] cloud-init[952]: The key's randomart image is:
[   10.338064] cloud-init[952]: +---[RSA 2048]----+
[   10.338836] cloud-init[952]: |        =..      |
[   10.344405] cloud-init[952]: |     . B o .     |
[   10.345157] cloud-init[952]: |      E B .      |
[   10.352651] cloud-init[952]: |     o O B .     |
[   10.355492] cloud-init[952]: |    + O S =      |
[   10.356610] cloud-init[952]: |   B B B *       |
[   10.357974] cloud-init[952]: |  o B + * + .    |
[   10.358598] cloud-init[952]: |   + . *   + .   |
[   10.359478] cloud-init[952]: |    . o    .o    |
[   10.361944] cloud-init[952]: +----[SHA256]-----+
[   10.364145] cloud-init[952]: Generating public/private dsa key pair.
[   10.364390] cloud-init[952]: Your identification has been saved in /etc/ssh/ssh_host_dsa_key.
[   10.364588] cloud-init[952]: Your public key has been saved in /etc/ssh/ssh_host_dsa_key.pub.
[   10.364664] cloud-init[952]: The key fingerprint is:
[   10.364742] cloud-init[952]: SHA256:Krw+MRdeC0DyLoiU+TrLNfXm2olcWkBOGpoE3KPGifI root@ubuntu-xenial
[[0;32m  OK  [0m] Started Initial cloud-init job (metadata service crawler).
[   10.365068] cloud-init[952]: The key's randomart image is:
[   10.369171] cloud-init[952]: +---[DSA 1024]----+
[   10.369276] cloud-init[952]: |o o..            |
[   10.369435] cloud-init[952]: |..o=.            |
[[0;32m  OK  [0m] Reached target Cloud-config availability.
[[   10.369693] [0;32m  OK  [0mcloud-init] [952]: Reached target System Initialization.|o=o.o+           |

[   10.377911] cloud-init[952]: |**+.* o .        |
[   10.378083] cloud-init[[952]: [0;32m  OK  [0m|=+.o.= +S.       |] 
Started Message of the Day.
[   10.378125] cloud-init[952]: |  Eo+ =..        |
[[0;32m  OK  [0m] Listening on D-Bus System Message Bus Socket.
[   10.379215] cloud-init[952]: | o oo+.=         |
[   10.380051] cloud-init[952]: |. + +oO .        |
[   10.380327] cloud-init[952]: | o .o*.+         |
[   10.380528] cloud-init[952]: +----[SHA256]-----+
[   10.380823] cloud-init[952]: Generating public/private ecdsa key pair.
[   10.381123] cloud-init[952]: Your identification has been saved in /etc/ssh/ssh_host_ecdsa_key.
[   10.381427] cloud-init[952]: Your public key has been saved in /etc/ssh/ssh_host_ecdsa_key.pub.
[   10.381733] cloud-init[952]: The key fingerprint is:
[   10.382037] cloud-init[952]: SHA256:giP0FA8V9lYoW25r/cimcfyvXTrUUpN5oTTJK/8sHiU root@ubuntu-xenial
[   10.382356] cloud-init[952]: The key's randomart image is:
[   10.382650] cloud-init[952]: +---[ECDSA 256]---+
[   10.382952] cloud-init[952]: |    o.+. .. . .  |
[   10.383271] cloud-init[952]: |     =..o.   = . |
[   10.383574] cloud-init[952]: |  . . .=o   . + +|
[   10.383871] cloud-init[952]: | . o ...o  . o +o|
[   10.384268] cloud-init[952]: |  . + ..So  oE +o|
[   10.384578] cloud-init[952]: |   . . .o..  .= .|
[   10.384780] cloud-init[952]: |       ...oo oo..|
[   10.385078] cloud-init[952]: |         o+..oo= |
[   10.385384] cloud-init[952]: |        .o  ++=. |
[   10.385682] cloud-init[952]: +----[SHA256]-----+
[   10.385981] cloud-init[952]: Generating public/private ed25519 key pair.
[[0;32m  OK  [0m] Started Daily Cleanup of Temporary Directories.
[[   10.386176] cloud-init[952]: Your identification has been saved in /etc/ssh/ssh_host_ed25519_key.
[   10.389347] cloud-init[952]: Your public key has been saved in /etc/ssh/ssh_host_ed25519_key.pub.
[   10.389602] cloud-init[952]: The key fingerprint is:
[   10.389869] cloud-init[952]: SHA256:ehrDCqEhxgpK8s79TY8HN//NiImXIKi5Zjz5kG/N5+A root@ubuntu-xenial
[   10.390129] cloud-init[952]: The key's randomart image is:
[   10.390379] cloud-init[952]: +--[ED25519 256]--+
[   10.390634] cloud-init[952]: |                 |
[   10.390892] cloud-init[952]: |                 |
[   10.391089] cloud-init[952]: |                 |
[   10.391331] cloud-init[952]: |.                |
[   10.391587] cloud-init[952]: |=+.    .S        |
[   10.391841] cloud-init[952]: |O+ . o..o +      |
[0;32m  OK  [0m] Started Ubuntu Advantage update messaging.
[   10.392103] cloud-init[952]: |+ o.o+=o++ + .   |
[   10.394711] cloud-init[952]: | o oO+.Oo+o.+o + |
[   10.394811] cloud-init[952]: |  oo+*= E++.o.o o|
         Starting Socket activation for snappy daemon.
[   10.394945] cloud-init[952]: +----[SHA256]-----+
[[0;32m  OK  [0m] Started ACPI Events Check.
[[0;32m  OK  [0m] Reached target Paths.
[[0;32m  OK  [0m] Listening on UUID daemon activation socket.
         Starting LXD - unix socket.
[[0;32m  OK  [0m] Started Daily apt download activities.
[[0;32m  OK  [0m] Started Daily apt upgrade and clean activities.
[[0;32m  OK  [0m] Reached target Timers.
[[0;32m  OK  [0m] Listening on ACPID Listen Socket.
[[0;32m  OK  [0m] Reached target Network is Online.
         Starting iSCSI initiator daemon (iscsid)...
[[0;32m  OK  [0m] Listening on Socket activation for snappy daemon.
[[0;32m  OK  [0m] Listening on LXD - unix socket.
[[0;32m  OK  [0m] Reached target Sockets.
[[0;32m  OK  [0m] Reached target Basic System.
[[0;32m  OK  [0m] Started D-Bus System Message Bus.
         Starting Virtualbox guest utils...
         Starting System Logging Service...
[[0;32m  OK  [0m] Started Deferred execution scheduler.
[[0;32m  OK  [0m] Started Regular background program processing daemon.
         Starting LXD - container startup/shutdown...
         Starting LSB: MD monitoring daemon...
         Starting LSB: Record successful boot for GRUB...
         Starting Login Service...
         Starting /etc/rc.local Compatibility...
[[0;32m  OK  [0m] Started FUSE filesystem for LXC.
[[0;32m  OK  [0m] Started ACPI event daemon.
         Starting Pollinate to seed the pseudo random number generator...
         Starting Accounts Service...
         Starting Snap Daemon...
[[0;32m  OK  [0m] Started System Logging Service.
[[0;32m  OK  [0m] Started iSCSI initiator daemon (iscsid).
[[0;32m  OK  [0m] Started /etc/rc.local Compatibility.
         Starting Login to default iSCSI targets...
[[0;32m  OK  [0m] Started Login Service.
[[0;32m  OK  [0m] Started Unattended Upgrades Shutdown.
[[0;32m  OK  [0m] Started LSB: Record successful boot for GRUB.
[[0;32m  OK  [0m] Started Login to default iSCSI targets.
[[0;32m  OK  [0m] Reached target Remote File Systems (Pre).
[[0;32m  OK  [0m] Reached target Remote File Systems.
         Starting Permit User Sessions...
         Starting LSB: Set the CPU Frequency Scaling governor to "ondemand"...
         Starting LSB: automatic crash report generation...
         Starting LSB: daemon to balance interrupts for SMP systems...
[[0;32m  OK  [0m] Started Permit User Sessions.
         Starting Hold until boot process finishes up...
         Starting Terminate Plymouth Boot Screen...
[[0;32m  OK  [0m] Started Hold until boot process finishes up.
[[0;32m  OK  [0m] Started Serial Getty on ttyS0.
[[0;32m  OK  [0m] Started Getty on tty1.
[[0;32m  OK  [0m] Reached target Login Prompts.
         Starting Set console scheme...
[[0;32m  OK  [0m] Started LSB: MD monitoring daemon.
[[0;32m  OK  [0m] Started Terminate Plymouth Boot Screen.
[[0;32m  OK  [0m] Started Set console scheme.
[[0;32m  OK  [0m] Started LSB: Set the CPU Frequency Scaling governor to "ondemand".
[[0;32m  OK  [0m] Started LSB: daemon to balance interrupts for SMP systems.
[[0;32m  OK  [0m] Started LSB: automatic crash report generation.
         Starting Authenticate and Authorize Users to Run Privileged Tasks...
[[0;32m  OK  [0m] Started Virtualbox guest utils.
[[0;32m  OK  [0m] Started LXD - container startup/shutdown.
[[0;32m  OK  [0m] Started Authenticate and Authorize Users to Run Privileged Tasks.
[[0;32m  OK  [0m] Started Accounts Service.
[[0;32m  OK  [0m] Started Snap Daemon.
         Starting Wait until snapd is fully seeded...
[[0;32m  OK  [0m] Started Pollinate to seed the pseudo random number generator.
         Starting OpenBSD Secure Shell server...
[[0;32m  OK  [0m] Started OpenBSD Secure Shell server.
[[0;32m  OK  [0m] Created slice User Slice of vagrant.
         Starting User Manager for UID 1000...
[[0;32m  OK  [0m] Started Session 1 of user vagrant.
[[0;32m  OK  [0m] Started User Manager for UID 1000.
[[0;32m  OK  [0m] Started Wait until snapd is fully seeded.
[[0;32m  OK  [0m] Reached target Multi-User System.
[[0;32m  OK  [0m] Reached target Graphical Interface.
         Starting Update UTMP about System Runlevel Changes...
         Starting Apply the settings specified in cloud-config...
[[0;32m  OK  [0m] Started Update UTMP about System Runlevel Changes.
[   13.342505] cloud-init[1360]: Generating locales (this might take a while)...
[   13.901313] cloud-init[1360]:   en_US.UTF-8... done
[   13.908404] cloud-init[1360]: Generation complete.
[   14.067694] cloud-init[1360]: Cloud-init v. 21.1-19-gbad84ad4-0ubuntu1~16.04.2 running 'modules:config' at Tue, 28 Jun 2022 16:54:13 +0000. Up 13.26 seconds.
[[0;32m  OK  [0m] Started Apply the settings specified in cloud-config.
         Starting Execute cloud user/final scripts...
ci-info: no authorized SSH keys fingerprints found for user ubuntu.
<14>Jun 28 16:54:14 ec2: 
<14>Jun 28 16:54:14 ec2: #############################################################
<14>Jun 28 16:54:14 ec2: -----BEGIN SSH HOST KEY FINGERPRINTS-----
<14>Jun 28 16:54:14 ec2: 1024 SHA256:Krw+MRdeC0DyLoiU+TrLNfXm2olcWkBOGpoE3KPGifI root@ubuntu-xenial (DSA)
<14>Jun 28 16:54:14 ec2: 256 SHA256:giP0FA8V9lYoW25r/cimcfyvXTrUUpN5oTTJK/8sHiU root@ubuntu-xenial (ECDSA)
<14>Jun 28 16:54:14 ec2: 256 SHA256:ehrDCqEhxgpK8s79TY8HN//NiImXIKi5Zjz5kG/N5+A root@ubuntu-xenial (ED25519)
<14>Jun 28 16:54:14 ec2: 2048 SHA256:9Gk4bqkE69BMx6x4TB8HvOOnBfe3DgNRq0QWo99IzDg root@ubuntu-xenial (RSA)
<14>Jun 28 16:54:14 ec2: -----END SSH HOST KEY FINGERPRINTS-----
<14>Jun 28 16:54:14 ec2: #############################################################
-----BEGIN SSH HOST KEY KEYS-----
ecdsa-sha2-nistp256 AAAAE2VjZHNhLXNoYTItbmlzdHAyNTYAAAAIbmlzdHAyNTYAAABBBM9asCC6i0TfkJtwdkdgUGcQ+K+ONB/96T3YwOrUbG+UMHyYDQovIVMiLRi3Lt7Um+PC3zujefFzg+aCLN2AgI4= root@ubuntu-xenial
ssh-ed25519 AAAAC3NzaC1lZDI1NTE5AAAAINHFItdms6EUM/1/a8N+hChIIycL3qbKNX+9dfbuaq0r root@ubuntu-xenial
ssh-rsa AAAAB3NzaC1yc2EAAAADAQABAAABAQDRbPNC2LJkU/4MvyfXXgP6um2Fp5AX3qJ4lhI0aqYcessCcjomYKWiYrVQ0VgOZULmYcVbdgvs9/p0dkc/fAkxdP2OX2VjB3V7qmcl7jChKU9wScbDlEuZ6CgzoM7TJjN4IEvST0SdGrtgLkTAo8VHyFl4eXKhsxskZS3LMhwOPQBsBPhoJJhIirc12274vx2kscVTn1Dc4ACtY4cybLbSDA1zh4ddKTIPVLiuiuWhg0889sHU1IOImJuGj4WnG92314Lpl8nYeG+5zSBxRxkVIfBD6Td76yomEeE9hbpmQSEHMYuTs04x6Ziyk0HWf6ta4VMLJlYv5DqqC/lrxQKR root@ubuntu-xenial
-----END SSH HOST KEY KEYS-----
[   14.402680] cloud-init[1504]: Cloud-init v. 21.1-19-gbad84ad4-0ubuntu1~16.04.2 running 'modules:final' at Tue, 28 Jun 2022 16:54:14 +0000. Up 14.30 seconds.
[   14.403960] cloud-init[1504]: ci-info: no authorized SSH keys fingerprints found for user ubuntu.
[   14.404872] cloud-init[1504]: Cloud-init v. 21.1-19-gbad84ad4-0ubuntu1~16.04.2 finished at Tue, 28 Jun 2022 16:54:14 +0000. Datasource DataSourceNoCloud [seed=/dev/sdb][dsmode=net].  Up 14.39 seconds
[[0;32m  OK  [0m] Started Execute cloud user/final scripts.
[[0;32m  OK  [0m] Reached target Cloud-init target.

Ubuntu 16.04.7 LTS ubuntu-xenial ttyS0

ubuntu-xenial login: 