[  0.000000] Initializing cgroup subsys cpuset
[    0.000000] Initializing cgroup subsys cpu
[    0.000000] Initializing cgroup subsys cpuacct
[    0.000000] Linux version 4.4.0-210-generic (buildd@lgw01-amd64-009) (gcc version 5.4.0 20160609 (Ubuntu 5.4.0-6ubuntu1~16.04.12) ) #242-Ubuntu SMP Fri Apr 16 09:57:56 UTC 2021 (Ubuntu 4.4.0-210.242-generic 4.4.262)
[    0.000000] Command line: BOOT_IMAGE=/boot/vmlinuz-4.4.0-210-generic root=LABEL=cloudimg-rootfs ro console=tty1 console=ttyS0
[    0.000000] KERNEL supported cpus:
[    0.000000]   Intel GenuineIntel
[    0.000000]   AMD AuthenticAMD
[    0.000000]   Centaur CentaurHauls
[    0.000000] x86/fpu: xstate_offset[2]:  576, xstate_sizes[2]:  256
[    0.000000] x86/fpu: Supporting XSAVE feature 0x01: 'x87 floating point registers'
[    0.000000] x86/fpu: Supporting XSAVE feature 0x02: 'SSE registers'
[    0.000000] x86/fpu: Supporting XSAVE feature 0x04: 'AVX registers'
[    0.000000] x86/fpu: Enabled xstate features 0x7, context size is 832 bytes, using 'standard' format.
[    0.000000] e820: BIOS-provided physical RAM map:
[    0.000000] BIOS-e820: [mem 0x0000000000000000-0x000000000009fbff] usable
[    0.000000] BIOS-e820: [mem 0x000000000009fc00-0x000000000009ffff] reserved
[    0.000000] BIOS-e820: [mem 0x00000000000f0000-0x00000000000fffff] reserved
[    0.000000] BIOS-e820: [mem 0x0000000000100000-0x000000003ffeffff] usable
[    0.000000] BIOS-e820: [mem 0x000000003fff0000-0x000000003fffffff] ACPI data
[    0.000000] BIOS-e820: [mem 0x00000000fec00000-0x00000000fec00fff] reserved
[    0.000000] BIOS-e820: [mem 0x00000000fee00000-0x00000000fee00fff] reserved
[    0.000000] BIOS-e820: [mem 0x00000000fffc0000-0x00000000ffffffff] reserved
[    0.000000] NX (Execute Disable) protection: active
[    0.000000] SMBIOS 2.5 present.
[    0.000000] Hypervisor detected: KVM
[    0.000000] Kernel/User page tables isolation: disabled
[    0.000000] e820: last_pfn = 0x3fff0 max_arch_pfn = 0x400000000
[    0.000000] MTRR: Disabled
[    0.000000] x86/PAT: MTRRs disabled, skipping PAT initialization too.
[    0.000000] CPU MTRRs all blank - virtualized system.
[    0.000000] x86/PAT: Configuration [0-7]: WB  WT  UC- UC  WB  WT  UC- UC  
[    0.000000] found SMP MP-table at [mem 0x0009fff0-0x0009ffff] mapped at [ffff88000009fff0]
[    0.000000] Scanning 1 areas for low memory corruption
[    0.000000] RAMDISK: [mem 0x362dc000-0x37165fff]
[    0.000000] ACPI: Early table checksum verification disabled
[    0.000000] ACPI: RSDP 0x00000000000E0000 000024 (v02 VBOX  )
[    0.000000] ACPI: XSDT 0x000000003FFF0030 00003C (v01 VBOX   VBOXXSDT 00000001 ASL  00000061)
[    0.000000] ACPI: FACP 0x000000003FFF00F0 0000F4 (v04 VBOX   VBOXFACP 00000001 ASL  00000061)
[    0.000000] ACPI: DSDT 0x000000003FFF0470 002325 (v02 VBOX   VBOXBIOS 00000002 INTL 20100528)
[    0.000000] ACPI: FACS 0x000000003FFF0200 000040
[    0.000000] ACPI: FACS 0x000000003FFF0200 000040
[    0.000000] ACPI: APIC 0x000000003FFF0240 00005C (v02 VBOX   VBOXAPIC 00000001 ASL  00000061)
[    0.000000] ACPI: SSDT 0x000000003FFF02A0 0001CC (v01 VBOX   VBOXCPUT 00000002 INTL 20100528)
[    0.000000] No NUMA configuration found
[    0.000000] Faking a node at [mem 0x0000000000000000-0x000000003ffeffff]
[    0.000000] NODE_DATA(0) allocated [mem 0x3ffeb000-0x3ffeffff]
[    0.000000] kvm-clock: Using msrs 4b564d01 and 4b564d00
[    0.000000] kvm-clock: cpu 0, msr 0:3ffe3001, primary cpu clock
[    0.000000] kvm-clock: using sched offset of 5149564458 cycles
[    0.000000] clocksource: kvm-clock: mask: 0xffffffffffffffff max_cycles: 0x1cd42e4dffb, max_idle_ns: 881590591483 ns
[    0.000000] Zone ranges:
[    0.000000]   DMA      [mem 0x0000000000001000-0x0000000000ffffff]
[    0.000000]   DMA32    [mem 0x0000000001000000-0x000000003ffeffff]
[    0.000000]   Normal   empty
[    0.000000]   Device   empty
[    0.000000] Movable zone start for each node
[    0.000000] Early memory node ranges
[    0.000000]   node   0: [mem 0x0000000000001000-0x000000000009efff]
[    0.000000]   node   0: [mem 0x0000000000100000-0x000000003ffeffff]
[    0.000000] Initmem setup node 0 [mem 0x0000000000001000-0x000000003ffeffff]
[    0.000000] ACPI: PM-Timer IO Port: 0x4008
[    0.000000] IOAPIC[0]: apic_id 2, version 32, address 0xfec00000, GSI 0-23
[    0.000000] ACPI: INT_SRC_OVR (bus 0 bus_irq 0 global_irq 2 dfl dfl)
[    0.000000] ACPI: INT_SRC_OVR (bus 0 bus_irq 9 global_irq 9 low level)
[    0.000000] Using ACPI (MADT) for SMP configuration information
[    0.000000] smpboot: Allowing 2 CPUs, 0 hotplug CPUs
[    0.000000] PM: Registered nosave memory: [mem 0x00000000-0x00000fff]
[    0.000000] PM: Registered nosave memory: [mem 0x0009f000-0x0009ffff]
[    0.000000] PM: Registered nosave memory: [mem 0x000a0000-0x000effff]
[    0.000000] PM: Registered nosave memory: [mem 0x000f0000-0x000fffff]
[    0.000000] e820: [mem 0x40000000-0xfebfffff] available for PCI devices
[    0.000000] Booting paravirtualized kernel on KVM
[    0.000000] clocksource: refined-jiffies: mask: 0xffffffff max_cycles: 0xffffffff, max_idle_ns: 7645519600211568 ns
[    0.000000] setup_percpu: NR_CPUS:512 nr_cpumask_bits:512 nr_cpu_ids:2 nr_node_ids:1
[    0.000000] PERCPU: Embedded 33 pages/cpu @ffff88003fc00000 s95192 r8192 d31784 u1048576
[    0.000000] Built 1 zonelists in Node order, mobility grouping on.  Total pages: 257912
[    0.000000] Policy zone: DMA32
[    0.000000] Kernel command line: BOOT_IMAGE=/boot/vmlinuz-4.4.0-210-generic root=LABEL=cloudimg-rootfs ro console=tty1 console=ttyS0
[    0.000000] PID hash table entries: 4096 (order: 3, 32768 bytes)
[    0.000000] Memory: 997792K/1048120K available (8644K kernel code, 1332K rwdata, 4044K rodata, 1492K init, 1164K bss, 50328K reserved, 0K cma-reserved)
[    0.000000] SLUB: HWalign=64, Order=0-3, MinObjects=0, CPUs=2, Nodes=1
[    0.000000] Hierarchical RCU implementation.
[    0.000000] 	Build-time adjustment of leaf fanout to 64.
[    0.000000] 	RCU restricting CPUs from NR_CPUS=512 to nr_cpu_ids=2.
[    0.000000] RCU: Adjusting geometry for rcu_fanout_leaf=64, nr_cpu_ids=2
[    0.000000] NR_IRQS:33024 nr_irqs:440 16
[    0.000000] Console: colour VGA+ 80x25
[    0.000000] console [tty1] enabled
[    0.000000] console [ttyS0] enabled
[    0.000000] tsc: Detected 2304.000 MHz processor
[    0.588236] Calibrating delay loop (skipped) preset value.. 4608.00 BogoMIPS (lpj=9216000)
[    0.594375] pid_max: default: 32768 minimum: 301
[    0.597158] ACPI: Core revision 20150930
[    0.603071] ACPI: 2 ACPI AML tables successfully acquired and loaded
[    0.607322] Security Framework initialized
[    0.610712] Yama: becoming mindful.
[    0.613807] AppArmor: AppArmor initialized
[    0.617500] Dentry cache hash table entries: 131072 (order: 8, 1048576 bytes)
[    0.623218] Inode-cache hash table entries: 65536 (order: 7, 524288 bytes)
[    0.641156] Mount-cache hash table entries: 2048 (order: 2, 16384 bytes)
[    0.648257] Mountpoint-cache hash table entries: 2048 (order: 2, 16384 bytes)
[    0.653187] Initializing cgroup subsys io
[    0.655931] Initializing cgroup subsys memory
[    0.658957] Initializing cgroup subsys devices
[    0.662074] Initializing cgroup subsys freezer
[    0.664994] Initializing cgroup subsys net_cls
[    0.668039] Initializing cgroup subsys perf_event
[    0.671145] Initializing cgroup subsys net_prio
[    0.673932] Initializing cgroup subsys hugetlb
[    0.677424] Initializing cgroup subsys pids
[    0.686210] mce: CPU supports 0 MCE banks
[    0.689294] Last level iTLB entries: 4KB 0, 2MB 0, 4MB 0
[    0.694270] Last level dTLB entries: 4KB 0, 2MB 0, 4MB 0, 1GB 0
[    0.698221] Spectre V1 : Mitigation: usercopy/swapgs barriers and __user pointer sanitization
[    0.705649] Spectre V2 : Mitigation: Full generic retpoline
[    0.709334] Spectre V2 : Spectre v2 / SpectreRSB mitigation: Filling RSB on context switch
[    0.716065] Speculative Store Bypass: Vulnerable
[    0.735493] Freeing SMP alternatives memory: 36K
[    0.769667] ftrace: allocating 32380 entries in 127 pages
[    1.070393] smpboot: APIC(0) Converting physical 0 to logical package 0
[    1.075217] smpboot: Max logical packages: 1
[    1.079087] x2apic enabled
[    1.081606] Switched APIC routing to physical x2apic.
[    1.089374] ..TIMER: vector=0x30 apic1=0 pin1=2 apic2=-1 pin2=-1
[    1.202123] smpboot: CPU0: 11th Gen Intel(R) Core(TM) i7-11800H @ 2.30GHz (family: 0x6, model: 0x8d, stepping: 0x1)
[    1.212633] Performance Events: unsupported p6 CPU model 141 no PMU driver, software events only.
[    1.260045] KVM setup paravirtual spinlock
[    1.266686] x86: Booting SMP configuration:
[    1.269519] .... node  #0, CPUs:      #1
[    1.273030] kvm-clock: cpu 1, msr 0:3ffe3041, secondary cpu clock
[    1.282751] mce: CPU supports 0 MCE banks
[    1.287588] x86: Booted up 1 node, 2 CPUs
[    1.291607] smpboot: Total of 2 processors activated (9216.00 BogoMIPS)
[    1.298943] devtmpfs: initialized
[    1.306688] evm: security.selinux
[    1.309385] evm: security.SMACK64
[    1.312261] evm: security.SMACK64EXEC
[    1.315101] evm: security.SMACK64TRANSMUTE
[    1.318523] evm: security.SMACK64MMAP
[    1.321668] evm: security.ima
[    1.324026] evm: security.capability
[    1.327972] clocksource: jiffies: mask: 0xffffffff max_cycles: 0xffffffff, max_idle_ns: 7645041785100000 ns
[    1.336639] futex hash table entries: 512 (order: 3, 32768 bytes)
[    1.342695] pinctrl core: initialized pinctrl subsystem
[    1.348494] RTC time: 13:57:17, date: 06/28/22
[    1.367526] NET: Registered protocol family 16
[    1.383825] cpuidle: using governor ladder
[    1.401410] cpuidle: using governor menu
[    1.404398] PCCT header not found.
[    1.406900] ACPI: bus type PCI registered
[    1.410895] acpiphp: ACPI Hot Plug PCI Controller Driver version: 0.5
[    1.415985] PCI: Using configuration type 1 for base access
[    1.439790] ACPI: Added _OSI(Module Device)
[    1.443168] ACPI: Added _OSI(Processor Device)
[    1.447098] ACPI: Added _OSI(3.0 _SCP Extensions)
[    1.450415] ACPI: Added _OSI(Processor Aggregator Device)
[    1.456548] ACPI: Executed 1 blocks of module-level executable AML code
[    1.469293] ACPI: Interpreter enabled
[    1.471246] ACPI: (supports S0 S5)
[    1.472832] ACPI: Using IOAPIC for interrupt routing
[    1.476276] PCI: Using host bridge windows from ACPI; if necessary, use "pci=nocrs" and report a bug
[    1.496269] ACPI: PCI Root Bridge [PCI0] (domain 0000 [bus 00-ff])
[    1.500945] acpi PNP0A03:00: _OSC: OS supports [ASPM ClockPM Segments MSI]
[    1.506610] acpi PNP0A03:00: _OSC: not requesting OS control; OS requires [ExtendedConfig ASPM ClockPM MSI]
[    1.513259] acpi PNP0A03:00: fail to add MMCONFIG information, can't access extended PCI configuration space under this bridge.
[    1.521835] PCI host bridge to bus 0000:00
[    1.524888] pci_bus 0000:00: root bus resource [io  0x0000-0x0cf7 window]
[    1.528864] pci_bus 0000:00: root bus resource [io  0x0d00-0xffff window]
[    1.532453] pci_bus 0000:00: root bus resource [mem 0x000a0000-0x000bffff window]
[    1.536754] pci_bus 0000:00: root bus resource [mem 0x40000000-0xfdffffff window]
[    1.541099] pci_bus 0000:00: root bus resource [bus 00-ff]
[    1.549092] pci 0000:00:01.1: legacy IDE quirk: reg 0x10: [io  0x01f0-0x01f7]
[    1.552693] pci 0000:00:01.1: legacy IDE quirk: reg 0x14: [io  0x03f6]
[    1.556191] pci 0000:00:01.1: legacy IDE quirk: reg 0x18: [io  0x0170-0x0177]
[    1.561027] pci 0000:00:01.1: legacy IDE quirk: reg 0x1c: [io  0x0376]
[    1.606443] pci 0000:00:07.0: quirk: [io  0x4000-0x403f] claimed by PIIX4 ACPI
[    1.656532] pci 0000:00:07.0: quirk: [io  0x4100-0x410f] claimed by PIIX4 SMB
[    1.678238] ACPI: PCI Interrupt Link [LNKA] (IRQs 5 9 10 *11)
[    1.685118] ACPI: PCI Interrupt Link [LNKB] (IRQs 5 9 *10 11)
[    1.691223] ACPI: PCI Interrupt Link [LNKC] (IRQs 5 *9 10 11)
[    1.697593] ACPI: PCI Interrupt Link [LNKD] (IRQs 5 9 10 *11)
[    1.703753] ACPI: Enabled 2 GPEs in block 00 to 07
[    1.708917] vgaarb: setting as boot device: PCI:0000:00:02.0
[    1.713029] vgaarb: device added: PCI:0000:00:02.0,decodes=io+mem,owns=io+mem,locks=none
[    1.720694] vgaarb: loaded
[    1.723192] vgaarb: bridge control possible 0000:00:02.0
[    1.728165] SCSI subsystem initialized
[    1.731855] ACPI: bus type USB registered
[    1.735631] usbcore: registered new interface driver usbfs
[    1.740675] usbcore: registered new interface driver hub
[    1.744735] usbcore: registered new device driver usb
[    1.749627] PCI: Using ACPI for IRQ routing
[    1.754138] NetLabel: Initializing
[    1.757236] NetLabel:  domain hash size = 128
[    1.761705] NetLabel:  protocols = UNLABELED CIPSOv4
[    1.764584] NetLabel:  unlabeled traffic allowed by default
[    1.769249] amd_nb: Cannot enumerate AMD northbridges
[    1.773627] clocksource: Switched to clocksource kvm-clock
[    1.831504] AppArmor: AppArmor Filesystem Enabled
[    1.836013] pnp: PnP ACPI init
[    1.843119] pnp: PnP ACPI: found 3 devices
[    1.869859] clocksource: acpi_pm: mask: 0xffffff max_cycles: 0xffffff, max_idle_ns: 2085701024 ns
[    1.879055] NET: Registered protocol family 2
[    1.884135] TCP established hash table entries: 8192 (order: 4, 65536 bytes)
[    1.890724] TCP bind hash table entries: 8192 (order: 5, 131072 bytes)
[    1.897142] TCP: Hash tables configured (established 8192 bind 8192)
[    1.904319] UDP hash table entries: 512 (order: 2, 16384 bytes)
[    1.910276] UDP-Lite hash table entries: 512 (order: 2, 16384 bytes)
[    1.917120] NET: Registered protocol family 1
[    1.921402] pci 0000:00:00.0: Limiting direct PCI/PCI transfers
[    1.926831] pci 0000:00:01.0: Activating ISA DMA hang workarounds
[    1.937532] Unpacking initramfs...
[    2.952332] Freeing initrd memory: 14888K
[    2.956953] clocksource: tsc: mask: 0xffffffffffffffff max_cycles: 0x2135f7c97c8, max_idle_ns: 440795273205 ns
[    2.965033] platform rtc_cmos: registered platform RTC device (no PNP device found)
[    2.975462] Scanning for low memory corruption every 60 seconds
[    2.982707] audit: initializing netlink subsys (disabled)
[    2.989058] audit: type=2000 audit(1656424645.200:1): initialized
[    2.997203] Initialise system trusted keyring
[    3.004230] HugeTLB registered 2 MB page size, pre-allocated 0 pages
[    3.014408] zbud: loaded
[    3.019942] VFS: Disk quotas dquot_6.6.0
[    3.023644] VFS: Dquot-cache hash table entries: 512 (order 0, 4096 bytes)
[    3.029994] squashfs: version 4.0 (2009/01/31) Phillip Lougher
[    3.050500] fuse init (API version 7.23)
[    3.054801] Key type big_key registered
[    3.058276] Allocating IMA MOK and blacklist keyrings.
[    3.067014] Key type asymmetric registered
[    3.070480] Asymmetric key parser 'x509' registered
[    3.075350] Block layer SCSI generic (bsg) driver version 0.4 loaded (major 249)
[    3.082282] io scheduler noop registered
[    3.085931] io scheduler deadline registered (default)
[    3.089653] io scheduler cfq registered
[    3.093110] pci_hotplug: PCI Hot Plug PCI Core version: 0.5
[    3.097319] pciehp: PCI Express Hot Plug Controller Driver version: 0.4
[    3.104518] ACPI: AC Adapter [AC] (off-line)
[    3.108519] input: Power Button as /devices/LNXSYSTM:00/LNXPWRBN:00/input/input0
[    3.115810] ACPI: Power Button [PWRF]
[    3.121589] input: Sleep Button as /devices/LNXSYSTM:00/LNXSLPBN:00/input/input1
[    3.131222] ACPI: Sleep Button [SLPF]
[    3.136906] GHES: HEST is not enabled!
[    3.140228] ACPI: Battery Slot [BAT0] (battery present)
[    3.147440] Serial: 8250/16550 driver, 32 ports, IRQ sharing enabled
[    3.176188] 00:02: ttyS0 at I/O 0x3f8 (irq = 4, base_baud = 115200) is a 16550A
[    3.190145] Linux agpgart interface v0.103
[    3.202133] loop: module loaded
[    3.206491] scsi host0: ata_piix
[    3.209874] scsi host1: ata_piix
[    3.212909] ata1: PATA max UDMA/33 cmd 0x1f0 ctl 0x3f6 bmdma 0xd000 irq 14
[    3.218086] ata2: PATA max UDMA/33 cmd 0x170 ctl 0x376 bmdma 0xd008 irq 15
[    3.225259] libphy: Fixed MDIO Bus: probed
[    3.228918] tun: Universal TUN/TAP device driver, 1.6
[    3.233282] tun: (C) 1999-2004 Max Krasnyansky <maxk@qualcomm.com>
[    3.238076] PPP generic driver version 2.4.2
[    3.241768] ehci_hcd: USB 2.0 'Enhanced' Host Controller (EHCI) Driver
[    3.246860] ehci-pci: EHCI PCI platform driver
[    3.250295] ehci-platform: EHCI generic platform driver
[    3.254282] ohci_hcd: USB 1.1 'Open' Host Controller (OHCI) Driver
[    3.259229] ohci-pci: OHCI PCI platform driver
[    3.263073] ohci-platform: OHCI generic platform driver
[    3.266199] uhci_hcd: USB Universal Host Controller Interface driver
[    3.271256] i8042: PNP: PS/2 Controller [PNP0303:PS2K,PNP0f03:PS2M] at 0x60,0x64 irq 1,12
[    3.279747] serio: i8042 KBD port at 0x60,0x64 irq 1
[    3.284300] serio: i8042 AUX port at 0x60,0x64 irq 12
[    3.289926] mousedev: PS/2 mouse device common for all mice
[    3.296785] input: AT Translated Set 2 keyboard as /devices/platform/i8042/serio0/input/input2
[    3.303352] rtc_cmos rtc_cmos: rtc core: registered rtc_cmos as rtc0
[    3.307280] rtc_cmos rtc_cmos: alarms up to one day, 114 bytes nvram
[    3.310548] i2c /dev entries driver
[    3.313444] device-mapper: uevent: version 1.0.3
[    3.317633] device-mapper: ioctl: 4.34.0-ioctl (2015-10-28) initialised: dm-devel@redhat.com
[    3.324150] ledtrig-cpu: registered to indicate activity on CPUs
[    3.329006] NET: Registered protocol family 10
[    3.332839] NET: Registered protocol family 17
[    3.335809] Key type dns_resolver registered
[    3.340561] registered taskstats version 1
[    3.345121] Loading compiled-in X.509 certificates
[    3.351005] Loaded X.509 cert 'Build time autogenerated kernel key: cf00e047681d67edb2720680708b7d9498083038'
[    3.362119] zswap: loaded using pool lzo/zbud
[    3.370955] Key type trusted registered
[    3.382297] Key type encrypted registered
[    3.385695] AppArmor: AppArmor sha1 policy hashing enabled
[    3.390843] ima: No TPM chip found, activating TPM-bypass!
[    3.409307] ima: Allocated hash algorithm: sha1
[    3.412485] evm: HMAC attrs: 0x1
[    3.416998]   Magic number: 10:924:989
[    3.421225] rtc_cmos rtc_cmos: setting system clock to 2022-06-28 13:57:19 UTC (1656424639)
[    3.430051] BIOS EDD facility v0.16 2004-Jun-25, 0 devices found
[    3.434154] EDD information not available.
[    3.440568] Freeing unused kernel memory: 1492K
[    3.462013] Write protecting the kernel read-only data: 14336k
[    3.468208] Freeing unused kernel memory: 1584K
[    3.472825] Freeing unused kernel memory: 52K
Loading, please wait...
starting version 229
[    3.514361] random: systemd-udevd: uninitialized urandom read (16 bytes read, 5 bits of entropy available)
[    3.516383] random: udevadm: uninitialized urandom read (16 bytes read, 5 bits of entropy available)
[    3.516485] random: udevadm: uninitialized urandom read (16 bytes read, 5 bits of entropy available)
[    3.533519] random: systemd-udevd: uninitialized urandom read (16 bytes read, 5 bits of entropy available)
[    3.539715] random: systemd-udevd: uninitialized urandom read (16 bytes read, 5 bits of entropy available)
[    3.544717] random: udevadm: uninitialized urandom read (16 bytes read, 5 bits of entropy available)
[    3.544835] random: udevadm: uninitialized urandom read (16 bytes read, 5 bits of entropy available)
[    3.545147] random: udevadm: uninitialized urandom read (16 bytes read, 5 bits of entropy available)
[    3.545270] random: udevadm: uninitialized urandom read (16 bytes read, 5 bits of entropy available)
[    3.545391] random: udevadm: uninitialized urandom read (16 bytes read, 5 bits of entropy available)
[    3.674854] Fusion MPT base driver 3.04.20
[    3.677990] Copyright (c) 1999-2008 LSI Corporation
[    3.685930] e1000: Intel(R) PRO/1000 Network Driver - version 7.3.21-k8-NAPI
[    3.691200] e1000: Copyright (c) 1999-2006 Intel Corporation.
[    3.725145] Fusion MPT SPI Host driver 3.04.20
[    3.761645] AVX2 version of gcm_enc/dec engaged.
[    3.764997] AES CTR mode by8 optimization enabled
[    3.909109] input: ImExPS/2 Generic Explorer Mouse as /devices/platform/i8042/serio1/input/input4
[    4.261397] e1000 0000:00:03.0 eth0: (PCI:33MHz:32-bit) 02:be:82:6b:cc:1d
[    4.267047] e1000 0000:00:03.0 eth0: Intel(R) PRO/1000 Network Connection
[    4.834772] e1000 0000:00:08.0 eth1: (PCI:33MHz:32-bit) 08:00:27:91:fc:de
[    4.839705] e1000 0000:00:08.0 eth1: Intel(R) PRO/1000 Network Connection
[    4.847559] mptbase: ioc0: Initiating bringup
[    4.853626] e1000 0000:00:03.0 enp0s3: renamed from eth0
[    4.866882] e1000 0000:00:08.0 enp0s8: renamed from eth1
[    4.978920] ioc0: LSI53C1030 A0: Capabilities={Initiator}
[    6.959048] scsi host2: ioc0: LSI53C1030 A0, FwRev=00000000h, Ports=1, MaxQ=256, IRQ=20
[    8.878828] scsi 2:0:0:0: Direct-Access     VBOX     HARDDISK         1.0  PQ: 0 ANSI: 5
[    8.883750] scsi target2:0:0: Beginning Domain Validation
[    8.891323] scsi target2:0:0: Domain Validation skipping write tests
[    8.896789] scsi target2:0:0: Ending Domain Validation
[    8.900903] scsi target2:0:0: asynchronous
[    8.906096] scsi 2:0:1:0: Direct-Access     VBOX     HARDDISK         1.0  PQ: 0 ANSI: 5
[    8.911562] scsi target2:0:1: Beginning Domain Validation
[    8.918578] scsi target2:0:1: Domain Validation skipping write tests
[    8.967137] scsi target2:0:1: Ending Domain Validation
[    8.972919] scsi target2:0:1: asynchronous
[    8.998715] sd 2:0:0:0: [sda] 83886080 512-byte logical blocks: (42.9 GB/40.0 GiB)
[    9.001870] sd 2:0:0:0: Attached scsi generic sg0 type 0
[    9.007735] sd 2:0:1:0: Attached scsi generic sg1 type 0
[    9.016631] sd 2:0:1:0: [sdb] 20480 512-byte logical blocks: (10.5 MB/10.0 MiB)
[    9.017127] sd 2:0:0:0: [sda] Write Protect is off
[    9.017828] sd 2:0:0:0: [sda] Incomplete mode parameter data
[    9.017835] sd 2:0:0:0: [sda] Assuming drive cache: write through
[    9.034166] sd 2:0:1:0: [sdb] Write Protect is off
[    9.034423]  sda: sda1
[    9.036404] sd 2:0:0:0: [sda] Attached SCSI disk
[    9.042699] sd 2:0:1:0: [sdb] Incomplete mode parameter data
[    9.046140] sd 2:0:1:0: [sdb] Assuming drive cache: write through
[    9.054734] sd 2:0:1:0: [sdb] Attached SCSI disk
Begin: Loading essential drivers ... [   11.315972] md: linear personality registered for level -1
[   11.330178] md: multipath personality registered for level -4
[   11.343445] md: raid0 personality registered for level 0
[   11.364447] md: raid1 personality registered for level 1
[   11.454190] raid6: sse2x1   gen()  3218 MB/s
[   11.521768] raid6: sse2x1   xor()  2430 MB/s
[   11.589731] raid6: sse2x2   gen()  3788 MB/s
[   11.657732] raid6: sse2x2   xor()  2525 MB/s
[   11.725790] raid6: sse2x4   gen()  3535 MB/s
[   11.793802] raid6: sse2x4   xor()  2279 MB/s
[   11.865773] raid6: avx2x1   gen()  4559 MB/s
[   11.933778] raid6: avx2x2   gen()  5605 MB/s
[   12.005745] raid6: avx2x4   gen()  6135 MB/s
[   12.010951] raid6: using algorithm avx2x4 gen() 6135 MB/s
[   12.014874] raid6: using avx2x2 recovery algorithm
[   12.023494] xor: automatically using best checksumming function:
[   12.065709]    avx       :  6137.000 MB/sec
[   12.072902] async_tx: api initialized (async)
[   12.108428] md: raid6 personality registered for level 6
[   12.114222] md: raid5 personality registered for level 5
[   12.119643] md: raid4 personality registered for level 4
[   12.150085] md: raid10 personality registered for level 10
done.
Begin: Running /scripts/init-premount ... done.
Begin: Mounting root file system ... Begin: Running /scripts/local-top ... done.
Begin: Running /scripts/local-premount ... [   12.278161] Btrfs loaded
Scanning for Btrfs filesystems
done.
Warning: fsck not present, so skipping root file system
[   12.363219] EXT4-fs (sda1): INFO: recovery required on readonly filesystem
[   12.368838] EXT4-fs (sda1): write access will be enabled during recovery
[   12.496665] EXT4-fs (sda1): recovery complete
[   12.499680] EXT4-fs (sda1): mounted filesystem with ordered data mode. Opts: (null)
done.
Begin: Running /scripts/local-bottom ... done.
Begin: Running /scripts/init-bottom ... done.
[   12.702401] systemd[1]: systemd 229 running in system mode. (+PAM +AUDIT +SELINUX +IMA +APPARMOR +SMACK +SYSVINIT +UTMP +LIBCRYPTSETUP +GCRYPT +GNUTLS +ACL +XZ -LZ4 +SECCOMP +BLKID +ELFUTILS +KMOD -IDN)
[   12.709008] systemd[1]: Detected virtualization oracle.
[   12.711345] systemd[1]: Detected architecture x86-64.

Welcome to [1mUbuntu 16.04.7 LTS[0m!

[   12.716864] systemd[1]: Set hostname to <web01>.
[   12.881891] random: nonblocking pool is initialized
[   13.111336] systemd[1]: Listening on Journal Socket.
[[0;32m  OK  [0m] Listening on Journal Socket.
[   13.123080] systemd[1]: Started Trigger resolvconf update for networkd DNS.
[[0;32m  OK  [0m] Started Trigger resolvconf update for networkd DNS.
[   13.133134] systemd[1]: Listening on udev Kernel Socket.
[[0;32m  OK  [0m] Listening on udev Kernel Socket.
[   13.146105] systemd[1]: Reached target User and Group Name Lookups.
[[0;32m  OK  [0m] Reached target User and Group Name Lookups.
[   13.154235] systemd[1]: Listening on LVM2 metadata daemon socket.
[[0;32m  OK  [0m] Listening on LVM2 metadata daemon socket.
[   13.161248] systemd[1]: Listening on LVM2 poll daemon socket.
[[0;32m  OK  [0m] Listening on LVM2 poll daemon socket.
[   13.178340] systemd[1]: Listening on udev Control Socket.
[[0;32m  OK  [0m] Listening on udev Control Socket.
[   13.185996] systemd[1]: Listening on fsck to fsckd communication Socket.
[[0;32m  OK  [0m] Listening on fsck to fsckd communication Socket.
[   13.197285] systemd[1]: Created slice User and Session Slice.
[[0;32m  OK  [0m] Created slice User and Session Slice.
[   13.206621] systemd[1]: Listening on Journal Socket (/dev/log).
[[0;32m  OK  [0m] Listening on Journal Socket (/dev/log).
[   13.214911] systemd[1]: Reached target Encrypted Volumes.
[[0;32m  OK  [0m] Reached target Encrypted Volumes.
[   13.227022] systemd[1]: Listening on Device-mapper event daemon FIFOs.
[[0;32m  OK  [0m] Listening on Device-mapper event daemon FIFOs.
[   13.235653] systemd[1]: Listening on /dev/initctl Compatibility Named Pipe.
[[0;32m  OK  [0m] Listening on /dev/initctl Compatibility Named Pipe.
[   13.242632] systemd[1]: Listening on Syslog Socket.
[[0;32m  OK  [0m] Listening on Syslog Socket.
[   13.254468] systemd[1]: Reached target Swap.
[[0;32m  OK  [0m] Reached target Swap.
[   13.260948] systemd[1]: Started Forward Password Requests to Wall Directory Watch.
[[0;32m  OK  [0m] Started Forward Password Requests to Wall Directory Watch.
[   13.272568] systemd[1]: Set up automount Arbitrary Executable File Formats File System Automount Point.
[[0;32m  OK  [0m] Set up automount Arbitrary Executab...ats File System Automount Point.
[   13.282988] systemd[1]: Reached target System Time Synchronized.
[[0;32m  OK  [0m] Reached target System Time Synchronized.
[   13.298867] systemd[1]: Listening on Journal Audit Socket.
[[0;32m  OK  [0m] Listening on Journal Audit Socket.
[   13.306974] systemd[1]: Created slice System Slice.
[[0;32m  OK  [0m] Created slice System Slice.
[   13.330691] systemd[1]: Starting Uncomplicated firewall...
         Starting Uncomplicated firewall...
[   13.343609] systemd[1]: Mounting Huge Pages File System...
         Mounting Huge Pages File System...
[   13.353474] systemd[1]: Starting Set console keymap...
         Starting Set console keymap...
[   13.365893] systemd[1]: Starting File System Check on Root Device...
         Starting File System Check on Root Device...
[   13.376024] systemd[1]: Starting Nameserver information manager...
         Starting Nameserver information manager...
[   13.398898] systemd[1]: Mounting Debug File System...
         Mounting Debug File System...
[   13.403610] systemd[1]: Reached target Slices.
[[0;32m  OK  [0m] Reached target Slices.
[   13.411013] systemd[1]: Created slice system-serial\x2dgetty.slice.
[[0;32m  OK  [0m] Created slice system-serial\x2dgetty.slice.
[   13.433940] systemd[1]: Starting Journal Service...
         Starting Journal Service...
[   13.442128] systemd[1]: Starting Create list of required static device nodes for the current kernel...
         Starting Create list of required st... nodes for the current kernel...
[   13.457096] systemd[1]: Starting Monitoring of LVM2 mirrors, snapshots etc. using dmeventd or progress polling...
         Starting Monitoring of LVM2 mirrors... dmeventd or progress polling...
[   13.474871] systemd[1]: Mounting POSIX Message Queue File System...
         Mounting POSIX Message Queue File System...
[   13.488581] systemd[1]: Starting Load Kernel Modules...
         Starting Load Kernel Modules...
[   13.503186] systemd[1]: Mounted Huge Pages File System.
[[0;32m  OK  [0m] Mounted Huge Pages File System.
[   13.510141] systemd[1]: Mounted POSIX Message Queue File System.
[[0;32m  OK  [0m] Mounted POSIX Message Queue File System.
[   13.519486] systemd[1]: Mounted Debug File System.
[[0;32m  OK  [0m] Mounted Debug File System.
[   13.531489] Loading iSCSI transport class v2.0-870.
[   13.535259] systemd[1]: Started Uncomplicated firewall.
[[0;32m  OK  [0m] Started Uncomplicated firewall.
[   13.547268] systemd[1]: Started File System Check on Root Device.
[[0;32m  OK  [0m] Started File System Check on Root Device.
[   13.568572] systemd[1]: Started Create list of required static device nodes for the current kernel.
[[0;32m  OK  [0m] Started Create list of required sta...ce nodes for the current kernel.
[   13.587415] iscsi: registered transport (tcp)
[   13.596404] systemd[1]: Started Set console keymap.
[[0;32m  OK  [0m] Started Set console keymap.
[   13.631011] systemd[1]: Started Nameserver information manager.
[[0;32m  OK  [0m] Started Nameserver information manager.
[   13.646756] systemd[1]: Started Journal Service.
[[0;32m  OK  [0m] Started Journal Service.
[[0;32m  OK  [0m] Started LVM2 metadata daemon.
[[0;32m  OK  [0m] Started File System Check Daemon to report status.[   13.682478] iscsi: registered transport (iser)

         Starting Create Static Device Nodes in /dev...
         Starting Remount Root and Kernel File Systems...
[[0;32m  OK  [0m] Started Load Kernel Modules.
         Starting Apply Kernel Variables...
         Mounting FUSE Control File System...
[   13.733103] EXT4-fs (sda1): re-mounted. Opts: (null)
[[0;32m  OK  [0m] Mounted FUSE Control File System.
[[0;32m  OK  [0m] Started Remount Root and Kernel File Systems.
         Starting Load/Save Random Seed...
         Starting udev Coldplug all Devices...
         Starting Flush Journal to Persistent Storage...
[[0;32m  OK  [0m] Started Apply Kernel Variables.
[[0;32m  OK  [0m] Started Load/Save Random Seed.
[[0;32m  OK  [0m] Started Create Static Device Nodes in /dev.
         Starting udev Kernel Device Manager...
[[0;32m  OK  [0m] Started Flush Journal to Persistent Storage.
[[0;32m  OK  [0m] Started Monitoring of LVM2 mirrors,...ng dmeventd or progress polling.
[[0;32m  OK  [0m] Reached target Local File Systems (Pre).
[[0;32m  OK  [0m] Reached target Local File Systems.
         Starting Tell Plymouth To Write Out Runtime Data...
         Starting Create Volatile Files and Directories...
         Starting Set console font and keymap...
         Starting LSB: AppArmor initialization...
         Starting Initial cloud-init job (pre-networking)...
[[0;32m  OK  [0m] Started udev Kernel Device Manager.
[[0;32m  OK  [0m] Started Tell Plymouth To Write Out Runtime Data.
[[0;32m  OK  [0m] Started Create Volatile Files and Directories.
         Starting Update UTMP about System Boot/Shutdown...
[[0;32m  OK  [0m] Started Update UTMP about System Boot/Shutdown.
[[0;32m  OK  [0m] Started udev Coldplug all Devices.
[[0;32m  OK  [0m] Started Dispatch Password Requests to Console Directory Watch.
[[0;32m  OK  [0m] Started LSB: AppArmor initialization.
         Starting Load AppArmor profiles managed internally by snapd...
[[0;32m  OK  [0m] Started Load AppArmor profiles managed internally by snapd.
[[0;32m  OK  [0m] Found device /dev/ttyS0.
[[0;32m  OK  [0m] Found device 82540EM Gigabit Ethern...r (PRO/1000 MT Desktop Adapter).
[[0;32m  OK  [0m] Listening on Load/Save RF Kill Switch Status /dev/rfkill Watch.
[[0;32m  OK  [0m] Found device 82540EM Gigabit Ethern...r (PRO/1000 MT Desktop Adapter).
[[0;32m  OK  [0m] Started Set console font and keymap.
[   16.371832] cloud-init[499]: Cloud-init v. 21.1-19-gbad84ad4-0ubuntu1~16.04.2 running 'init-local' at Tue, 28 Jun 2022 13:57:32 +0000. Up 15.59 seconds.
[[0;32m  OK  [0m] Started Initial cloud-init job (pre-networking).
[[0;32m  OK  [0m] Reached target Network (Pre).
         Starting Raise network interfaces...
[[0;32m  OK  [0m] Started ifup for enp0s8.
[[0;32m  OK  [0m] Started ifup for enp0s3.
[[0;32m  OK  [0m] Created slice system-getty.slice.
[[0;32m  OK  [0m] Started Raise network interfaces.
[[0;32m  OK  [0m] Reached target Network.
         Starting Initial cloud-init job (metadata service crawler)...
[   19.312583] cloud-init[1094]: Cloud-init v. 21.1-19-gbad84ad4-0ubuntu1~16.04.2 running 'init' at Tue, 28 Jun 2022 13:57:35 +0000. Up 18.64 seconds.
[   19.317059] cloud-init[1094]: ci-info: ++++++++++++++++++++++++++++++++++++++Net device info+++++++++++++++++++++++++++++++++++++++
[   19.321991] cloud-init[1094]: ci-info: +--------+------+-----------------------------+---------------+--------+-------------------+
[   19.333078] cloud-init[1094]: ci-info: | Device |  Up  |           Address           |      Mask     | Scope  |     Hw-Address    |
[   19.336997] cloud-init[1094]: ci-info: +--------+------+-----------------------------+---------------+--------+-------------------+
[   19.344337] cloud-init[1094]: ci-info: | enp0s3 | True |          10.0.2.15          | 255.255.255.0 | global | 02:be:82:6b:cc:1d |
[   19.348652] cloud-init[1094]: ci-info: | enp0s3 | True |  fe80::be:82ff:fe6b:cc1d/64 |       .       |  link  | 02:be:82:6b:cc:1d |
[   19.353238] cloud-init[1094]: ci-info: | enp0s8 | True |        192.168.56.11        | 255.255.255.0 | global | 08:00:27:91:fc:de |
[   19.357707] cloud-init[1094]: ci-info: | enp0s8 | True | fe80::a00:27ff:fe91:fcde/64 |       .       |  link  | 08:00:27:91:fc:de |
[   19.368959] cloud-init[1094]: ci-info: |   lo   | True |          127.0.0.1          |   255.0.0.0   |  host  |         .         |
[   19.372523] cloud-init[1094]: ci-info: |   lo   | True |           ::1/128           |       .       |  host  |         .         |
[   19.376491] cloud-init[1094]: ci-info: +--------+------+-----------------------------+---------------+--------+-------------------+
[   19.385028] cloud-init[1094]: ci-info: ++++++++++++++++++++++++++++Route IPv4 info++++++++++++++++++++++++++++
[   19.393083] cloud-init[1094]: ci-info: +-------+--------------+----------+---------------+-----------+-------+
[   19.396676] cloud-init[1094]: ci-info: | Route | Destination  | Gateway  |    Genmask    | Interface | Flags |
[   19.404937] cloud-init[1094]: ci-info: +-------+--------------+----------+---------------+-----------+-------+
[   19.412929] cloud-init[1094]: ci-info: |   0   |   0.0.0.0    | 10.0.2.2 |    0.0.0.0    |   enp0s3  |   UG  |
[   19.416385] cloud-init[1094]: ci-info: |   1   |   10.0.2.0   | 0.0.0.0  | 255.255.255.0 |   enp0s3  |   U   |
[   19.424941] cloud-init[1094]: ci-info: |   2   | 192.168.56.0 | 0.0.0.0  | 255.255.255.0 |   enp0s8  |   U   |
[   19.433088] cloud-init[1094]: ci-info: +-------+--------------+----------+---------------+-----------+-------+
[   19.437152] cloud-init[1094]: ci-info: +++++++++++++++++++Route IPv6 info+++++++++++++++++++
[   19.440914] cloud-init[1094]: ci-info: +-------+-------------+---------+-----------+-------+
[   19.445407] cloud-init[1094]: ci-info: | Route | Destination | Gateway | Interface | Flags |
[   19.452939] cloud-init[1094]: ci-info: +-------+-------------+---------+-----------+-------+
[   19.455641] cloud-init[1094]: ci-info: |   0   |  fe80::/64  |    ::   |   enp0s8  |   U   |
[   19.458447] cloud-init[1094]: ci-info: |   1   |  fe80::/64  |    ::   |   enp0s3  |   U   |
[   19.469377] cloud-init[1094]: ci-info: |   5   |   ff00::/8  |    ::   |   enp0s8  |   U   |
[   19.477180] cloud-init[1094]: ci-info: |   6   |   ff00::/8  |    ::   |   enp0s3  |   U   |
[   19.489404] cloud-init[1094]: ci-info: +-------+-------------+---------+-----------+-------+
[[0;32m  OK  [0m] Started Initial cloud-init job (metadata service crawler).
[[0;32m  OK  [0m] Reached target System Initialization.
[[0;32m  OK  [0m] Started Daily apt download activities.
[[0;32m  OK  [0m] Listening on ACPID Listen Socket.
[[0;32m  OK  [0m] Listening on D-Bus System Message Bus Socket.
[[0;32m  OK  [0m] Started Daily Cleanup of Temporary Directories.
[[0;32m  OK  [0m] Started Ubuntu Advantage update messaging.
[[0;32m  OK  [0m] Started Message of the Day.
[[0;32m  OK  [0m] Listening on UUID daemon activation socket.
[[0;32m  OK  [0m] Started Daily apt upgrade and clean activities.
[[0;32m  OK  [0m] Reached target Timers.
         Starting LXD - unix socket.
[[0;32m  OK  [0m] Started ACPI Events Check.
[[0;32m  OK  [0m] Reached target Paths.
         Starting Socket activation for snappy daemon.
[[0;32m  OK  [0m] Reached target Cloud-config availability.
[[0;32m  OK  [0m] Reached target Network is Online.
         Starting iSCSI initiator daemon (iscsid)...
[[0;32m  OK  [0m] Listening on LXD - unix socket.
[[0;32m  OK  [0m] Listening on Socket activation for snappy daemon.
[[0;32m  OK  [0m] Reached target Sockets.
[[0;32m  OK  [0m] Reached target Basic System.
         Starting Message of the Day...
[[0;32m  OK  [0m] Started Deferred execution scheduler.
         Starting LSB: MD monitoring daemon...
[[0;32m  OK  [0m] Started D-Bus System Message Bus.
         Starting /etc/rc.local Compatibility...
         Starting Accounts Service...
         Starting Virtualbox guest utils...
         Starting LXD - container startup/shutdown...
[[0;32m  OK  [0m] Started FUSE filesystem for LXC.
[[0;32m  OK  [0m] Started ACPI event daemon.
         Starting System Logging Service...
         Starting LSB: Record successful boot for GRUB...
         Starting OpenBSD Secure Shell server...
[[0;32m  OK  [0m] Started Regular background program processing daemon.
         Starting Snap Daemon...
         Starting Ubuntu Advantage APT and MOTD Messages...
         Starting Login Service...
[[0;32m  OK  [0m] Started iSCSI initiator daemon (iscsid).
[[0;32m  OK  [0m] Started Message of the Day.
[[0;32m  OK  [0m] Started /etc/rc.local Compatibility.
         Starting Login to default iSCSI targets...
[[0;32m  OK  [0m] Started Login Service.
[[0;32m  OK  [0m] Started Unattended Upgrades Shutdown.
[[0;32m  OK  [0m] Started System Logging Service.
         Starting Authenticate and Authorize Users to Run Privileged Tasks...
[[0;32m  OK  [0m] Started Login to default iSCSI targets.
[[0;32m  OK  [0m] Reached target Remote File Systems (Pre).
         Mounting /vagrant...
[[0;32m  OK  [0m] Started LSB: MD monitoring daemon.
[[0;32m  OK  [0m] Started LSB: Record successful boot for GRUB.
[[0;1;31mFAILED[0m] Failed to mount /vagrant.
See 'systemctl status vagrant.mount' for details.
[[0;1;33mDEPEND[0m] Dependency failed for Remote File Systems.
         Starting LSB: daemon to balance interrupts for SMP systems...
         Starting LSB: Set the CPU Frequency Scaling governor to "ondemand"...
         Starting LSB: automatic crash report generation...
         Starting Permit User Sessions...
[[0;32m  OK  [0m] Started Permit User Sessions.
         Starting Hold until boot process finishes up...
         Starting Terminate Plymouth Boot Screen...
[[0;32m  OK  [0m] Started Hold until boot process finishes up.
[[0;32m  OK  [0m] Started Terminate Plymouth Boot Screen.
[[0;32m  OK  [0m] Started Authenticate and Authorize Users to Run Privileged Tasks.
[[0;32m  OK  [0m] Started Accounts Service.
[[0;32m  OK  [0m] Started Serial Getty on ttyS0.
         Starting Set console scheme...
[[0;32m  OK  [0m] Started Getty on tty1.
[[0;32m  OK  [0m] Reached target Login Prompts.
[[0;32m  OK  [0m] Started OpenBSD Secure Shell server.
[[0;32m  OK  [0m] Started Set console scheme.
[[0;32m  OK  [0m] Started LXD - container startup/shutdown.
[[0;32m  OK  [0m] Started LSB: automatic crash report generation.
[[0;32m  OK  [0m] Started LSB: daemon to balance interrupts for SMP systems.
[[0;32m  OK  [0m] Started LSB: Set the CPU Frequency Scaling governor to "ondemand".
[[0;32m  OK  [0m] Started Virtualbox guest utils.
[[0;32m  OK  [0m] Started Snap Daemon.
         Starting Wait until snapd is fully seeded...
[[0;32m  OK  [0m] Started Wait until snapd is fully seeded.
         Starting Apply the settings specified in cloud-config...
[[0;32m  OK  [0m] Reached target Multi-User System.
[[0;32m  OK  [0m] Reached target Graphical Interface.
         Starting Update UTMP about System Runlevel Changes...
[[0;32m  OK  [0m] Started Update UTMP about System Runlevel Changes.
[[0;32m  OK  [0m] Started Ubuntu Advantage APT and MOTD Messages.
[   22.570343] cloud-init[1371]: Cloud-init v. 21.1-19-gbad84ad4-0ubuntu1~16.04.2 running 'modules:config' at Tue, 28 Jun 2022 13:57:39 +0000. Up 22.25 seconds.
[[0;32m  OK  [0m] Started Apply the settings specified in cloud-config.
         Starting Execute cloud user/final scripts...
[   23.898134] cloud-init[1393]: Cloud-init v. 21.1-19-gbad84ad4-0ubuntu1~16.04.2 running 'modules:final' at Tue, 28 Jun 2022 13:57:40 +0000. Up 23.59 seconds.
[   23.909230] cloud-init[1393]: Cloud-init v. 21.1-19-gbad84ad4-0ubuntu1~16.04.2 finished at Tue, 28 Jun 2022 13:57:40 +0000. Datasource DataSourceNoCloud [seed=/dev/sdb][dsmode=net].  Up 23.88 seconds
[[0;32m  OK  [0m] Started Execute cloud user/final scripts.
[[0;32m  OK  [0m] Reached target Cloud-init target.

Ubuntu 16.04.7 LTS web01 ttyS0

web01 login: 